Loaded Python module: python/3.10_conda
plan_file: data/plans/full_all_methods_single_run_20d.json

STEP 1/12:
ecm-optimizer generate
  --seed 42
  --target-digits 20
  --cofactor-digits 30
  --train-count 20
  --control-count 20
dataset_dir: data/numbers/20_dset_20260428T135130Z
   train_file: data/numbers/20_dset_20260428T135130Z/train.json
   control_file: data/numbers/20_dset_20260428T135130Z/control.json
   manifest_file: data/numbers/20_dset_20260428T135130Z/manifest.json
   generation_file: data/numbers/20_dset_20260428T135130Z/generation.json
generated=40

STEP 2/12:
ecm-optimizer optimize
  --dataset data/numbers/20_dset_20260428T135130Z
  --method de
  --seed 42
  --max-curves-per-n 100
  --repeats-per-n 3
  --de-popsize 10
  --de-maxiter 10
  --b1-min 100
  --b1-max 30000
  --b2-min 100
  --b2-max 600000
  --ratio-max 100
[optimize:de] numbers=20 max_curves_per_n=100 repeats_per_n=3 popsize=10 maxiter=10 workers=56
[optimize:de] numbers=20 max_curves_per_n=100 repeats_per_n=3 popsize=10 maxiter=10 workers=56
[optimize:de] new_best eval=1 b1=20240 b2=122988 fitness=1.111912536108311
[optimize:de] eval=5 b1=3155 b2=3155 fitness=4.216298088102854
[optimize:de] eval=10 b1=7307 b2=18597 fitness=3.092027721891722
[optimize:de] eval=15 b1=5074 b2=84162 fitness=2.264976217313174
[optimize:de] eval=20 b1=113 b2=374 fitness=5.139404816158519
[optimize:de] eval=25 b1=27322 b2=35523 fitness=6.456062320076952
[optimize:de] new_best eval=28 b1=7944 b2=192455 fitness=0.06887375959767526
[optimize:de] new_best eval=29 b1=21718 b2=249017 fitness=0.02051137712744179
[optimize:de] eval=30 b1=16800 b2=18597 fitness=1.008622831408563
[optimize:de] eval=35 b1=1285 b2=19355 fitness=5.309333445491015
[optimize:de] new_best eval=39 b1=6115 b2=372632 fitness=-0.09140442242254307
[optimize:de] eval=40 b1=6146 b2=6146 fitness=4.406333449513147
differential_evolution step 1: f(x)= -0.09140442242254307
[optimize:de] generation=1/10 best_fitness=-0.09140442242254307
[optimize:de] eval=45 b1=3408 b2=3408 fitness=4.245774013885163
[optimize:de] eval=50 b1=17780 b2=17780 fitness=4.461686395036593
[optimize:de] eval=55 b1=5074 b2=16799 fitness=2.9852270818419466
[optimize:de] eval=60 b1=8800 b2=8800 fitness=5.683628004718463
differential_evolution step 2: f(x)= -0.09140442242254307
[optimize:de] generation=2/10 best_fitness=-0.09140442242254307
[optimize:de] eval=65 b1=3155 b2=3155 fitness=5.318492683011577
[optimize:de] eval=70 b1=6520 b2=277957 fitness=-0.08363014260731295
[optimize:de] new_best eval=74 b1=9129 b2=197762 fitness=-0.2739069132001103
[optimize:de] eval=75 b1=9303 b2=17064 fitness=3.200663366227305
[optimize:de] eval=80 b1=7283 b2=189010 fitness=-0.2073612048722966
differential_evolution step 3: f(x)= -0.2739069132001103
[optimize:de] generation=3/10 best_fitness=-0.2739069132001103
[optimize:de] eval=85 b1=4481 b2=443100 fitness=0.3551964232711412
[optimize:de] eval=90 b1=4168 b2=129927 fitness=0.9449302623762292
[optimize:de] eval=95 b1=13589 b2=210402 fitness=-0.03712744171236249
[optimize:de] eval=100 b1=4806 b2=189010 fitness=0.31530883903015844
differential_evolution step 4: f(x)= -0.2739069132001103
[optimize:de] generation=4/10 best_fitness=-0.2739069132001103
[optimize:de] eval=105 b1=6668 b2=174250 fitness=0.3991142070822948
[optimize:de] eval=110 b1=10332 b2=152753 fitness=-0.12785612600114235
[optimize:de] eval=115 b1=12166 b2=222299 fitness=-0.0992028839401064
[optimize:de] eval=120 b1=9755 b2=235187 fitness=-0.0036672772274396323
differential_evolution step 5: f(x)= -0.2739069132001103
[optimize:de] generation=5/10 best_fitness=-0.2739069132001103
[optimize:de] eval=125 b1=9986 b2=139619 fitness=-0.0658213728123042
[optimize:de] new_best eval=127 b1=7189 b2=167160 fitness=-0.3123135417249192
[optimize:de] eval=130 b1=9894 b2=172960 fitness=-0.3028641618138167
[optimize:de] eval=135 b1=7347 b2=188698 fitness=-0.17248528499877427
[optimize:de] eval=140 b1=8484 b2=147015 fitness=-0.19066612729156326
differential_evolution step 6: f(x)= -0.3123135417249192
[optimize:de] generation=6/10 best_fitness=-0.3123135417249192
[optimize:de] new_best eval=142 b1=7713 b2=133971 fitness=-0.3467059700566294
[optimize:de] eval=145 b1=7953 b2=130073 fitness=-0.08260599474614569
[optimize:de] eval=150 b1=7555 b2=172960 fitness=1.484098477530097
[optimize:de] eval=155 b1=7347 b2=109320 fitness=0.36743952569895577
[optimize:de] eval=160 b1=5758 b2=160103 fitness=0.7902517401892696
differential_evolution step 7: f(x)= -0.3467059700566294
[optimize:de] generation=7/10 best_fitness=-0.3467059700566294
[optimize:de] eval=165 b1=7416 b2=134406 fitness=0.4829410055537599
[optimize:de] eval=170 b1=8369 b2=146216 fitness=0.6650909146032791
[optimize:de] eval=175 b1=6482 b2=147265 fitness=0.18352051198022948
[optimize:de] eval=180 b1=7094 b2=92117 fitness=1.0608761433984704
differential_evolution step 8: f(x)= -0.3467059700566294
[optimize:de] generation=8/10 best_fitness=-0.3467059700566294
[optimize:de] eval=185 b1=11019 b2=76228 fitness=0.07570703367147659
[optimize:de] eval=190 b1=7387 b2=181726 fitness=-0.22635539855101638
[optimize:de] eval=195 b1=7953 b2=264199 fitness=-0.2279479186282697
[optimize:de] eval=200 b1=8962 b2=189010 fitness=-0.17333806338858465
differential_evolution step 9: f(x)= -0.3467059700566294
[optimize:de] generation=9/10 best_fitness=-0.3467059700566294
[optimize:de] eval=205 b1=7410 b2=193108 fitness=-0.18960068996915408
[optimize:de] eval=210 b1=8181 b2=78285 fitness=1.7680757511021343
[optimize:de] eval=215 b1=10267 b2=131790 fitness=-0.10670695884401944
[optimize:de] eval=220 b1=9038 b2=85422 fitness=0.5900552520095274
differential_evolution step 10: f(x)= -0.3467059700566294
[optimize:de] generation=10/10 best_fitness=-0.3467059700566294
best_b1=7713
best_b2=133971
objective=-0.346706
result_file: data/experiments/20_dset_20260428T135130Z/de/optimize_20260428T135130Z/de_optimize_20260428T135130Z.json
plot_files:
  jump_plot: data/experiments/20_dset_20260428T135130Z/de/optimize_20260428T135130Z/plots/de_optimize_20260428T135130Z_jump_plot.png
  b1_b2_trajectory: data/experiments/20_dset_20260428T135130Z/de/optimize_20260428T135130Z/plots/de_optimize_20260428T135130Z_b1_b2_trajectory.png
  progress_by_phase: data/experiments/20_dset_20260428T135130Z/de/optimize_20260428T135130Z/plots/de_optimize_20260428T135130Z_progress_by_phase.png
  time_efficiency: data/experiments/20_dset_20260428T135130Z/de/optimize_20260428T135130Z/plots/de_optimize_20260428T135130Z_time_efficiency.png
  b1_ratio_heatmap: data/experiments/20_dset_20260428T135130Z/de/optimize_20260428T135130Z/plots/de_optimize_20260428T135130Z_b1_ratio_heatmap.png
analysis_files:
  events_csv: data/experiments/20_dset_20260428T135130Z/de/optimize_20260428T135130Z/tables/de_optimize_20260428T135130Z_events.csv
  new_best_csv: data/experiments/20_dset_20260428T135130Z/de/optimize_20260428T135130Z/tables/de_optimize_20260428T135130Z_new_best.csv
  phase_summary_csv: data/experiments/20_dset_20260428T135130Z/de/optimize_20260428T135130Z/tables/de_optimize_20260428T135130Z_phase_summary.csv
  run_summary_csv: data/experiments/20_dset_20260428T135130Z/de/optimize_20260428T135130Z/tables/de_optimize_20260428T135130Z_run_summary.csv
  report_md: data/experiments/20_dset_20260428T135130Z/de/optimize_20260428T135130Z/de_optimize_20260428T135130Z_report.md

STEP 3/12:
ecm-optimizer validate
  --dataset data/numbers/20_dset_20260428T135130Z
  --opt-result-file data/experiments/20_dset_20260428T135130Z/de/optimize_20260428T135130Z/de_optimize_20260428T135130Z.json
  --seed 42
  --max-curves-per-n 150
  --repeats-per-n 5
[validate:de] numbers=20 max_curves_per_n=150 repeats_per_n=5 workers=56
[validate:de] optimized 1/20
[validate:de] optimized 2/20
[validate:de] optimized 3/20
[validate:de] optimized 4/20
[validate:de] optimized 5/20
[validate:de] optimized 6/20
[validate:de] optimized 7/20
[validate:de] optimized 8/20
[validate:de] optimized 9/20
[validate:de] optimized 10/20
[validate:de] optimized 11/20
[validate:de] optimized 12/20
[validate:de] optimized 13/20
[validate:de] optimized 14/20
[validate:de] optimized 15/20
[validate:de] optimized 16/20
[validate:de] optimized 17/20
[validate:de] optimized 18/20
[validate:de] optimized 19/20
[validate:de] optimized 20/20
[validate:de] baseline 1/20
[validate:de] baseline 2/20
[validate:de] baseline 3/20
[validate:de] baseline 4/20
[validate:de] baseline 5/20
[validate:de] baseline 6/20
[validate:de] baseline 7/20
[validate:de] baseline 8/20
[validate:de] baseline 9/20
[validate:de] baseline 10/20
[validate:de] baseline 11/20
[validate:de] baseline 12/20
[validate:de] baseline 13/20
[validate:de] baseline 14/20
[validate:de] baseline 15/20
[validate:de] baseline 16/20
[validate:de] baseline 17/20
[validate:de] baseline 18/20
[validate:de] baseline 19/20
[validate:de] baseline 20/20
optimized_mean_score=9.753411
baseline_mean_score=5.712223
relative_improvement_pct=-70.75
optimized_mean_time_sec=1.386557
baseline_mean_time_sec=1.563599
time_improvement_pct=11.32
optimized_mean_curves=116.870000
baseline_mean_curves=102.910000
curves_improvement_pct=-13.57
optimized_mean_success_rate=0.370000
baseline_mean_success_rate=0.590000
success_rate_delta_pp=-22.0000
used_opt_b1=7713
used_opt_b2=133971
used_opt_method=de
used_base_b1=11000
used_base_b2=220000
result_file: data/experiments/20_dset_20260428T135130Z/de/optimize_20260428T135130Z/de_validate_20260428T140400Z.json
report_file: data/experiments/20_dset_20260428T135130Z/de/optimize_20260428T135130Z/de_optimize_20260428T135130Z_report.md

STEP 4/12:
ecm-optimizer optimize
  --dataset data/numbers/20_dset_20260428T135130Z
  --method rs
  --seed 42
  --max-curves-per-n 100
  --repeats-per-n 3
  --rs-budget 60
  --b1-min 100
  --b1-max 30000
  --b2-min 100
  --b2-max 600000
  --ratio-max 100
[optimize:rs] numbers=20 max_curves_per_n=100 repeats_per_n=3 budget=60 workers=56
[optimize:rs] new_best eval=1 b1=1461 b2=6510 fitness=8.426035701685597
[optimize:rs] step=1/60 new_best b1=1462 b2=6511 fitness=8.426035701685597
[optimize:rs] eval=5 b1=17048 b2=19440 fitness=3.0218157679070754
[optimize:rs] new_best eval=5 b1=17048 b2=19440 fitness=3.0218157679070754
[optimize:rs] step=5/60 new_best b1=17049 b2=19440 fitness=3.0218157679070754
[optimize:rs] new_best eval=9 b1=21489 b2=262633 fitness=2.6833504326095667
[optimize:rs] step=9/60 new_best b1=21490 b2=262634 fitness=2.6833504326095667
[optimize:rs] eval=10 b1=516 b2=42397 fitness=9.211151372334102
[optimize:rs] new_best eval=12 b1=5947 b2=21048 fitness=2.5572209259343155
[optimize:rs] step=12/60 new_best b1=5947 b2=21049 fitness=2.5572209259343155
[optimize:rs] eval=15 b1=483 b2=3547 fitness=9.845946381069307
[optimize:rs] new_best eval=17 b1=18697 b2=336629 fitness=0.4555729075586711
[optimize:rs] step=17/60 new_best b1=18697 b2=336630 fitness=0.4555729075586711
[optimize:rs] new_best eval=18 b1=17859 b2=172730 fitness=0.4455590291615293
[optimize:rs] step=18/60 new_best b1=17860 b2=172731 fitness=0.4455590291615293
[optimize:rs] eval=20 b1=3365 b2=336500 fitness=3.1499119348997358
[optimize:rs] eval=25 b1=967 b2=95433 fitness=9.283871878859998
[optimize:rs] eval=30 b1=11703 b2=16875 fitness=7.016662577529461
[optimize:rs] eval=35 b1=9043 b2=472323 fitness=-0.19832577899229786
[optimize:rs] new_best eval=35 b1=9043 b2=472323 fitness=-0.19832577899229786
[optimize:rs] step=35/60 new_best b1=9043 b2=472323 fitness=-0.19832577899229786
[optimize:rs] eval=40 b1=1847 b2=13733 fitness=9.962693691330463
[optimize:rs] eval=45 b1=22859 b2=279859 fitness=3.161604857504456
[optimize:rs] eval=50 b1=313 b2=31300 fitness=9.150151561297864
[optimize:rs] eval=55 b1=18334 b2=449991 fitness=0.22453522459727132
[optimize:rs] eval=60 b1=120 b2=12000 fitness=9.85839850281439
best_b1=9043
best_b2=472323
objective=-0.198326
result_file: data/experiments/20_dset_20260428T135130Z/rs/optimize_20260428T140438Z/rs_optimize_20260428T140438Z.json
plot_files:
  jump_plot: data/experiments/20_dset_20260428T135130Z/rs/optimize_20260428T140438Z/plots/rs_optimize_20260428T140438Z_jump_plot.png
  b1_b2_trajectory: data/experiments/20_dset_20260428T135130Z/rs/optimize_20260428T140438Z/plots/rs_optimize_20260428T140438Z_b1_b2_trajectory.png
  progress_by_phase: data/experiments/20_dset_20260428T135130Z/rs/optimize_20260428T140438Z/plots/rs_optimize_20260428T140438Z_progress_by_phase.png
  time_efficiency: data/experiments/20_dset_20260428T135130Z/rs/optimize_20260428T140438Z/plots/rs_optimize_20260428T140438Z_time_efficiency.png
  b1_ratio_heatmap: data/experiments/20_dset_20260428T135130Z/rs/optimize_20260428T140438Z/plots/rs_optimize_20260428T140438Z_b1_ratio_heatmap.png
analysis_files:
  events_csv: data/experiments/20_dset_20260428T135130Z/rs/optimize_20260428T140438Z/tables/rs_optimize_20260428T140438Z_events.csv
  new_best_csv: data/experiments/20_dset_20260428T135130Z/rs/optimize_20260428T140438Z/tables/rs_optimize_20260428T140438Z_new_best.csv
  phase_summary_csv: data/experiments/20_dset_20260428T135130Z/rs/optimize_20260428T140438Z/tables/rs_optimize_20260428T140438Z_phase_summary.csv
  run_summary_csv: data/experiments/20_dset_20260428T135130Z/rs/optimize_20260428T140438Z/tables/rs_optimize_20260428T140438Z_run_summary.csv
  report_md: data/experiments/20_dset_20260428T135130Z/rs/optimize_20260428T140438Z/rs_optimize_20260428T140438Z_report.md

STEP 5/12:
ecm-optimizer validate
  --dataset data/numbers/20_dset_20260428T135130Z
  --opt-result-file data/experiments/20_dset_20260428T135130Z/rs/optimize_20260428T140438Z/rs_optimize_20260428T140438Z.json
  --seed 42
  --max-curves-per-n 150
  --repeats-per-n 5
[validate:rs] numbers=20 max_curves_per_n=150 repeats_per_n=5 workers=56
[validate:rs] optimized 1/20
[validate:rs] optimized 2/20
[validate:rs] optimized 3/20
[validate:rs] optimized 4/20
[validate:rs] optimized 5/20
[validate:rs] optimized 6/20
[validate:rs] optimized 7/20
[validate:rs] optimized 8/20
[validate:rs] optimized 9/20
[validate:rs] optimized 10/20
[validate:rs] optimized 11/20
[validate:rs] optimized 12/20
[validate:rs] optimized 13/20
[validate:rs] optimized 14/20
[validate:rs] optimized 15/20
[validate:rs] optimized 16/20
[validate:rs] optimized 17/20
[validate:rs] optimized 18/20
[validate:rs] optimized 19/20
[validate:rs] optimized 20/20
[validate:rs] baseline 1/20
[validate:rs] baseline 2/20
[validate:rs] baseline 3/20
[validate:rs] baseline 4/20
[validate:rs] baseline 5/20
[validate:rs] baseline 6/20
[validate:rs] baseline 7/20
[validate:rs] baseline 8/20
[validate:rs] baseline 9/20
[validate:rs] baseline 10/20
[validate:rs] baseline 11/20
[validate:rs] baseline 12/20
[validate:rs] baseline 13/20
[validate:rs] baseline 14/20
[validate:rs] baseline 15/20
[validate:rs] baseline 16/20
[validate:rs] baseline 17/20
[validate:rs] baseline 18/20
[validate:rs] baseline 19/20
[validate:rs] baseline 20/20
optimized_mean_score=4.463212
baseline_mean_score=8.731900
relative_improvement_pct=48.89
optimized_mean_time_sec=1.574815
baseline_mean_time_sec=1.604997
time_improvement_pct=1.88
optimized_mean_curves=94.890000
baseline_mean_curves=105.450000
curves_improvement_pct=10.01
optimized_mean_success_rate=0.610000
baseline_mean_success_rate=0.480000
success_rate_delta_pp=13.0000
used_opt_b1=9043
used_opt_b2=472323
used_opt_method=rs
used_base_b1=11000
used_base_b2=220000
result_file: data/experiments/20_dset_20260428T135130Z/rs/optimize_20260428T140438Z/rs_validate_20260428T140735Z.json
report_file: data/experiments/20_dset_20260428T135130Z/rs/optimize_20260428T140438Z/rs_optimize_20260428T140438Z_report.md

STEP 6/12:
ecm-optimizer optimize
  --dataset data/numbers/20_dset_20260428T135130Z
  --method pso
  --seed 42
  --max-curves-per-n 100
  --repeats-per-n 3
  --pso-swarm-size 18
  --pso-iterations 12
  --b1-min 100
  --b1-max 30000
  --b2-min 100
  --b2-max 600000
  --ratio-max 100
[optimize:pso] numbers=20 max_curves_per_n=100 repeats_per_n=3 swarm_size=18 iterations=12 workers=56
[optimize:pso] eval=5 b1=519 b2=7888 fitness=7.760477471390086
[optimize:pso] eval=10 b1=4908 b2=4908 fitness=6.051997067614024
[optimize:pso] eval=15 b1=379 b2=471 fitness=7.695021888550612
[optimize:pso] new_best eval=17 b1=22383 b2=125967 fitness=4.142079902396051
[optimize:pso] init_best fitness=4.142079902396051
[optimize:pso] eval=20 b1=30000 b2=145790 fitness=17.293793290652996
[optimize:pso] new_best eval=22 b1=1541 b2=50935 fitness=2.063207391576322
[optimize:pso] eval=25 b1=3084 b2=16750 fitness=4.346757857408943
[optimize:pso] eval=30 b1=2042 b2=96760 fitness=3.4424904174884636
[optimize:pso] eval=35 b1=1375 b2=74958 fitness=7.329221130130519
[optimize:pso] iteration=1/12 best_fitness=2.063207391576322
[optimize:pso] eval=40 b1=1389 b2=138900 fitness=4.948542976428138
[optimize:pso] new_best eval=42 b1=8932 b2=39075 fitness=1.0934376538619657
[optimize:pso] eval=45 b1=3507 b2=17021 fitness=8.001066331305678
[optimize:pso] new_best eval=47 b1=8079 b2=137620 fitness=0.49202957553390947
[optimize:pso] eval=50 b1=2434 b2=243400 fitness=5.743394054644686
[optimize:pso] iteration=2/12 best_fitness=0.49202957553390947
[optimize:pso] eval=55 b1=4118 b2=411800 fitness=1.8029325842555293
[optimize:pso] new_best eval=59 b1=7928 b2=267317 fitness=-0.15901382289158786
[optimize:pso] eval=60 b1=26545 b2=411069 fitness=6.6506349882718965
[optimize:pso] eval=65 b1=22619 b2=600000 fitness=1.4288138062395033
[optimize:pso] eval=70 b1=6330 b2=202720 fitness=0.32308519864355867
[optimize:pso] iteration=3/12 best_fitness=-0.15901382289158786
[optimize:pso] eval=75 b1=4165 b2=70225 fitness=4.5242609938236145
[optimize:pso] eval=80 b1=9495 b2=600000 fitness=0.21054275554384597
[optimize:pso] eval=85 b1=7350 b2=600000 fitness=0.2100320404838122
[optimize:pso] eval=90 b1=11226 b2=600000 fitness=0.5568945016396097
[optimize:pso] iteration=4/12 best_fitness=-0.15901382289158786
[optimize:pso] eval=95 b1=14773 b2=230057 fitness=0.5173442053068074
[optimize:pso] eval=100 b1=2762 b2=276200 fitness=2.768819304901695
[optimize:pso] eval=105 b1=10350 b2=64171 fitness=0.37962807160634193
[optimize:pso] iteration=5/12 best_fitness=-0.15901382289158786
[optimize:pso] eval=110 b1=7392 b2=349180 fitness=0.30224949447539545
[optimize:pso] eval=115 b1=30000 b2=112409 fitness=13.157222524699295
[optimize:pso] eval=120 b1=3437 b2=57230 fitness=3.45473759141064
[optimize:pso] eval=125 b1=5391 b2=116181 fitness=1.0978678399257178
[optimize:pso] iteration=6/12 best_fitness=-0.15901382289158786
[optimize:pso] eval=130 b1=6008 b2=600000 fitness=0.46331661188627
[optimize:pso] eval=135 b1=7225 b2=292064 fitness=2.9261706845718654
[optimize:pso] eval=140 b1=4296 b2=333790 fitness=1.2502151337761165
[optimize:pso] iteration=7/12 best_fitness=-0.15901382289158786
[optimize:pso] eval=145 b1=8725 b2=435148 fitness=0.011022075919429728
[optimize:pso] eval=150 b1=15653 b2=463033 fitness=-0.0010016030191980219
[optimize:pso] eval=155 b1=5265 b2=331832 fitness=0.19636203451938847
[optimize:pso] eval=160 b1=3930 b2=165139 fitness=3.1881954584217067
[optimize:pso] iteration=8/12 best_fitness=-0.15901382289158786
[optimize:pso] eval=165 b1=5933 b2=344040 fitness=0.4009552989087627
[optimize:pso] eval=170 b1=6886 b2=401350 fitness=0.03608148423433136
[optimize:pso] eval=175 b1=9885 b2=265996 fitness=0.01578629372050332
[optimize:pso] eval=180 b1=9375 b2=298946 fitness=0.22476558845298902
[optimize:pso] iteration=9/12 best_fitness=-0.15901382289158786
[optimize:pso] eval=185 b1=14625 b2=182802 fitness=2.20530722169718
[optimize:pso] eval=190 b1=7401 b2=364230 fitness=0.6259097886452184
[optimize:pso] eval=195 b1=6114 b2=202009 fitness=1.489234610047412
[optimize:pso] iteration=10/12 best_fitness=-0.15901382289158786
[optimize:pso] eval=200 b1=5330 b2=467775 fitness=0.6794694316128473
[optimize:pso] eval=205 b1=11246 b2=156190 fitness=1.444163227510468
[optimize:pso] eval=210 b1=8531 b2=276370 fitness=-0.06815781921934128
[optimize:pso] new_best eval=211 b1=8681 b2=114812 fitness=-0.17941550481208682
[optimize:pso] eval=215 b1=13960 b2=271879 fitness=1.2081879879419894
[optimize:pso] iteration=11/12 best_fitness=-0.17941550481208682
[optimize:pso] eval=220 b1=7706 b2=367299 fitness=0.26020613551098803
[optimize:pso] eval=225 b1=7405 b2=88388 fitness=1.1902786225817843
[optimize:pso] eval=230 b1=8269 b2=87917 fitness=1.2060106330816724
[optimize:pso] iteration=12/12 best_fitness=-0.17941550481208682
best_b1=8681
best_b2=114812
objective=-0.179416
result_file: data/experiments/20_dset_20260428T135130Z/pso/optimize_20260428T140816Z/pso_optimize_20260428T140816Z.json
plot_files:
  jump_plot: data/experiments/20_dset_20260428T135130Z/pso/optimize_20260428T140816Z/plots/pso_optimize_20260428T140816Z_jump_plot.png
  b1_b2_trajectory: data/experiments/20_dset_20260428T135130Z/pso/optimize_20260428T140816Z/plots/pso_optimize_20260428T140816Z_b1_b2_trajectory.png
  progress_by_phase: data/experiments/20_dset_20260428T135130Z/pso/optimize_20260428T140816Z/plots/pso_optimize_20260428T140816Z_progress_by_phase.png
  time_efficiency: data/experiments/20_dset_20260428T135130Z/pso/optimize_20260428T140816Z/plots/pso_optimize_20260428T140816Z_time_efficiency.png
  b1_ratio_heatmap: data/experiments/20_dset_20260428T135130Z/pso/optimize_20260428T140816Z/plots/pso_optimize_20260428T140816Z_b1_ratio_heatmap.png
analysis_files:
  events_csv: data/experiments/20_dset_20260428T135130Z/pso/optimize_20260428T140816Z/tables/pso_optimize_20260428T140816Z_events.csv
  new_best_csv: data/experiments/20_dset_20260428T135130Z/pso/optimize_20260428T140816Z/tables/pso_optimize_20260428T140816Z_new_best.csv
  phase_summary_csv: data/experiments/20_dset_20260428T135130Z/pso/optimize_20260428T140816Z/tables/pso_optimize_20260428T140816Z_phase_summary.csv
  run_summary_csv: data/experiments/20_dset_20260428T135130Z/pso/optimize_20260428T140816Z/tables/pso_optimize_20260428T140816Z_run_summary.csv
  report_md: data/experiments/20_dset_20260428T135130Z/pso/optimize_20260428T140816Z/pso_optimize_20260428T140816Z_report.md

STEP 7/12:
ecm-optimizer validate
  --dataset data/numbers/20_dset_20260428T135130Z
  --opt-result-file data/experiments/20_dset_20260428T135130Z/pso/optimize_20260428T140816Z/pso_optimize_20260428T140816Z.json
  --seed 42
  --max-curves-per-n 150
  --repeats-per-n 5
[validate:pso] numbers=20 max_curves_per_n=150 repeats_per_n=5 workers=56
[validate:pso] optimized 1/20
[validate:pso] optimized 2/20
[validate:pso] optimized 3/20
[validate:pso] optimized 4/20
[validate:pso] optimized 5/20
[validate:pso] optimized 6/20
[validate:pso] optimized 7/20
[validate:pso] optimized 8/20
[validate:pso] optimized 9/20
[validate:pso] optimized 10/20
[validate:pso] optimized 11/20
[validate:pso] optimized 12/20
[validate:pso] optimized 13/20
[validate:pso] optimized 14/20
[validate:pso] optimized 15/20
[validate:pso] optimized 16/20
[validate:pso] optimized 17/20
[validate:pso] optimized 18/20
[validate:pso] optimized 19/20
[validate:pso] optimized 20/20
[validate:pso] baseline 1/20
[validate:pso] baseline 2/20
[validate:pso] baseline 3/20
[validate:pso] baseline 4/20
[validate:pso] baseline 5/20
[validate:pso] baseline 6/20
[validate:pso] baseline 7/20
[validate:pso] baseline 8/20
[validate:pso] baseline 9/20
[validate:pso] baseline 10/20
[validate:pso] baseline 11/20
[validate:pso] baseline 12/20
[validate:pso] baseline 13/20
[validate:pso] baseline 14/20
[validate:pso] baseline 15/20
[validate:pso] baseline 16/20
[validate:pso] baseline 17/20
[validate:pso] baseline 18/20
[validate:pso] baseline 19/20
[validate:pso] baseline 20/20
optimized_mean_score=6.367955
baseline_mean_score=2.063821
relative_improvement_pct=-208.55
optimized_mean_time_sec=1.441023
baseline_mean_time_sec=1.461845
time_improvement_pct=1.42
optimized_mean_curves=121.110000
baseline_mean_curves=96.220000
curves_improvement_pct=-25.87
optimized_mean_success_rate=0.340000
baseline_mean_success_rate=0.580000
success_rate_delta_pp=-24.0000
used_opt_b1=8681
used_opt_b2=114812
used_opt_method=pso
used_base_b1=11000
used_base_b2=220000
result_file: data/experiments/20_dset_20260428T135130Z/pso/optimize_20260428T140816Z/pso_validate_20260428T142330Z.json
report_file: data/experiments/20_dset_20260428T135130Z/pso/optimize_20260428T140816Z/pso_optimize_20260428T140816Z_report.md

STEP 8/12:
ecm-optimizer optimize
  --dataset data/numbers/20_dset_20260428T135130Z
  --method bo
  --seed 42
  --max-curves-per-n 100
  --repeats-per-n 3
  --bo-initial-samples 16
  --bo-iterations 22
  --bo-candidate-pool 2500
  --b1-min 100
  --b1-max 30000
  --b2-min 100
  --b2-max 600000
  --ratio-max 100
[optimize:bo] numbers=20 max_curves_per_n=100 repeats_per_n=3 initial_samples=16 iterations=22 candidate_pool=2500 workers=56
[optimize:bo] new_best eval=1 b1=334 b2=8651 fitness=7.718897331719859
[optimize:bo] new_best eval=2 b1=13682 b2=304619 fitness=-0.12292310948767389
[optimize:bo] eval=5 b1=206 b2=20600 fitness=7.750469939262377
[optimize:bo] eval=10 b1=386 b2=9479 fitness=7.722976153567793
[optimize:bo] eval=15 b1=4095 b2=4095 fitness=6.580005402159986
[optimize:bo] initial_design_completed points=16
[optimize:bo] iteration=1/22 best_fitness=-0.12292310948767389
[optimize:bo] iteration=2/22 best_fitness=-0.12292310948767389
[optimize:bo] iteration=3/22 best_fitness=-0.12292310948767389
[optimize:bo] eval=20 b1=14326 b2=262760 fitness=0.11081587399741219
[optimize:bo] iteration=4/22 best_fitness=-0.12292310948767389
[optimize:bo] iteration=5/22 best_fitness=-0.12292310948767389
[optimize:bo] iteration=6/22 best_fitness=-0.12292310948767389
[optimize:bo] new_best eval=23 b1=10490 b2=120530 fitness=-0.16114128625507437
[optimize:bo] iteration=7/22 best_fitness=-0.16114128625507437
[optimize:bo] iteration=8/22 best_fitness=-0.16114128625507437
[optimize:bo] eval=25 b1=15370 b2=113408 fitness=0.32456704964847244
[optimize:bo] iteration=9/22 best_fitness=-0.16114128625507437
[optimize:bo] new_best eval=26 b1=17549 b2=94817 fitness=-0.16927215634695017
[optimize:bo] iteration=10/22 best_fitness=-0.16927215634695017
[optimize:bo] iteration=11/22 best_fitness=-0.16927215634695017
[optimize:bo] iteration=12/22 best_fitness=-0.16927215634695017
[optimize:bo] iteration=13/22 best_fitness=-0.16927215634695017
[optimize:bo] eval=30 b1=6098 b2=586134 fitness=0.7518724000439295
[optimize:bo] iteration=14/22 best_fitness=-0.16927215634695017
[optimize:bo] iteration=15/22 best_fitness=-0.16927215634695017
[optimize:bo] iteration=16/22 best_fitness=-0.16927215634695017
[optimize:bo] iteration=17/22 best_fitness=-0.16927215634695017
[optimize:bo] iteration=18/22 best_fitness=-0.16927215634695017
[optimize:bo] eval=35 b1=8067 b2=184327 fitness=-0.2737085931414875
[optimize:bo] new_best eval=35 b1=8067 b2=184327 fitness=-0.2737085931414875
[optimize:bo] iteration=19/22 best_fitness=-0.2737085931414875
[optimize:bo] iteration=20/22 best_fitness=-0.2737085931414875
[optimize:bo] iteration=21/22 best_fitness=-0.2737085931414875
[optimize:bo] iteration=22/22 best_fitness=-0.2737085931414875
best_b1=8067
best_b2=184327
objective=-0.273709
result_file: data/experiments/20_dset_20260428T135130Z/bo/optimize_20260428T142408Z/bo_optimize_20260428T142408Z.json
plot_files:
  jump_plot: data/experiments/20_dset_20260428T135130Z/bo/optimize_20260428T142408Z/plots/bo_optimize_20260428T142408Z_jump_plot.png
  b1_b2_trajectory: data/experiments/20_dset_20260428T135130Z/bo/optimize_20260428T142408Z/plots/bo_optimize_20260428T142408Z_b1_b2_trajectory.png
  progress_by_phase: data/experiments/20_dset_20260428T135130Z/bo/optimize_20260428T142408Z/plots/bo_optimize_20260428T142408Z_progress_by_phase.png
  time_efficiency: data/experiments/20_dset_20260428T135130Z/bo/optimize_20260428T142408Z/plots/bo_optimize_20260428T142408Z_time_efficiency.png
  b1_ratio_heatmap: data/experiments/20_dset_20260428T135130Z/bo/optimize_20260428T142408Z/plots/bo_optimize_20260428T142408Z_b1_ratio_heatmap.png
analysis_files:
  events_csv: data/experiments/20_dset_20260428T135130Z/bo/optimize_20260428T142408Z/tables/bo_optimize_20260428T142408Z_events.csv
  new_best_csv: data/experiments/20_dset_20260428T135130Z/bo/optimize_20260428T142408Z/tables/bo_optimize_20260428T142408Z_new_best.csv
  phase_summary_csv: data/experiments/20_dset_20260428T135130Z/bo/optimize_20260428T142408Z/tables/bo_optimize_20260428T142408Z_phase_summary.csv
  run_summary_csv: data/experiments/20_dset_20260428T135130Z/bo/optimize_20260428T142408Z/tables/bo_optimize_20260428T142408Z_run_summary.csv
  report_md: data/experiments/20_dset_20260428T135130Z/bo/optimize_20260428T142408Z/bo_optimize_20260428T142408Z_report.md

STEP 9/12:
ecm-optimizer validate
  --dataset data/numbers/20_dset_20260428T135130Z
  --opt-result-file data/experiments/20_dset_20260428T135130Z/bo/optimize_20260428T142408Z/bo_optimize_20260428T142408Z.json
  --seed 42
  --max-curves-per-n 150
  --repeats-per-n 5
[validate:bo] numbers=20 max_curves_per_n=150 repeats_per_n=5 workers=56
[validate:bo] optimized 1/20
[validate:bo] optimized 2/20
[validate:bo] optimized 3/20
[validate:bo] optimized 4/20
[validate:bo] optimized 5/20
[validate:bo] optimized 6/20
[validate:bo] optimized 7/20
[validate:bo] optimized 8/20
[validate:bo] optimized 9/20
[validate:bo] optimized 10/20
[validate:bo] optimized 11/20
[validate:bo] optimized 12/20
[validate:bo] optimized 13/20
[validate:bo] optimized 14/20
[validate:bo] optimized 15/20
[validate:bo] optimized 16/20
[validate:bo] optimized 17/20
[validate:bo] optimized 18/20
[validate:bo] optimized 19/20
[validate:bo] optimized 20/20
[validate:bo] baseline 1/20
[validate:bo] baseline 2/20
[validate:bo] baseline 3/20
[validate:bo] baseline 4/20
[validate:bo] baseline 5/20
[validate:bo] baseline 6/20
[validate:bo] baseline 7/20
[validate:bo] baseline 8/20
[validate:bo] baseline 9/20
[validate:bo] baseline 10/20
[validate:bo] baseline 11/20
[validate:bo] baseline 12/20
[validate:bo] baseline 13/20
[validate:bo] baseline 14/20
[validate:bo] baseline 15/20
[validate:bo] baseline 16/20
[validate:bo] baseline 17/20
[validate:bo] baseline 18/20
[validate:bo] baseline 19/20
[validate:bo] baseline 20/20
optimized_mean_score=5.535477
baseline_mean_score=7.571919
relative_improvement_pct=26.89
optimized_mean_time_sec=1.414189
baseline_mean_time_sec=1.547910
time_improvement_pct=8.64
optimized_mean_curves=113.170000
baseline_mean_curves=102.140000
curves_improvement_pct=-10.80
optimized_mean_success_rate=0.430000
baseline_mean_success_rate=0.570000
success_rate_delta_pp=-14.0000
used_opt_b1=8067
used_opt_b2=184327
used_opt_method=bo
used_base_b1=11000
used_base_b2=220000
result_file: data/experiments/20_dset_20260428T135130Z/bo/optimize_20260428T142408Z/bo_validate_20260428T142620Z.json
report_file: data/experiments/20_dset_20260428T135130Z/bo/optimize_20260428T142408Z/bo_optimize_20260428T142408Z_report.md

STEP 10/12:
ecm-optimizer optimize
  --dataset data/numbers/20_dset_20260428T135130Z
  --method ga
  --seed 42
  --max-curves-per-n 100
  --repeats-per-n 3
  --ga-population-size 22
  --ga-generations 14
  --ga-mutation-prob 0.14
  --b1-min 100
  --b1-max 30000
  --b2-min 100
  --b2-max 600000
  --ratio-max 100
[optimize:ga] numbers=20 max_curves_per_n=100 repeats_per_n=3 population_size=22 generations=14 mutation_prob=0.14 workers=56
[optimize:ga] eval=5 b1=3969 b2=396900 fitness=1.4655044171883171
[optimize:ga] eval=10 b1=19810 b2=160232 fitness=3.8300219014793093
[optimize:ga] eval=15 b1=5366 b2=197984 fitness=3.282115417057216
[optimize:ga] eval=20 b1=9046 b2=442677 fitness=0.17078963392750002
[optimize:ga] new_best eval=6 b1=7988 b2=233103 fitness=0.020451895576175647
[optimize:ga] init_best fitness=0.020451895576175647
[optimize:ga] eval=25 b1=461 b2=1018 fitness=11.463493216282963
[optimize:ga] eval=30 b1=2732 b2=42395 fitness=8.686316007646104
[optimize:ga] eval=35 b1=17976 b2=115764 fitness=3.0622401482436743
[optimize:ga] eval=40 b1=8545 b2=330003 fitness=0.7058841541384543
[optimize:ga] generation=1/14 best_fitness=0.020451895576175647
[optimize:ga] eval=45 b1=16086 b2=114526 fitness=0.19027391082181205
[optimize:ga] eval=50 b1=15864 b2=175617 fitness=0.6502394058474958
[optimize:ga] eval=55 b1=7744 b2=212815 fitness=1.01647513726059
[optimize:ga] eval=60 b1=9001 b2=409460 fitness=0.06217255744771024
[optimize:ga] new_best eval=58 b1=8484 b2=314434 fitness=0.020280788628292596
[optimize:ga] generation=2/14 best_fitness=0.020280788628292596
[optimize:ga] eval=65 b1=8496 b2=288613 fitness=0.6087567732562688
[optimize:ga] eval=70 b1=8355 b2=346275 fitness=-0.04331259945201161
[optimize:ga] eval=75 b1=7988 b2=233103 fitness=-0.06940172812985299
[optimize:ga] eval=80 b1=10650 b2=254463 fitness=-0.01551923954828863
[optimize:ga] eval=85 b1=12401 b2=222124 fitness=1.0852291874823936
[optimize:ga] new_best eval=75 b1=7988 b2=233103 fitness=-0.06940172812985299
[optimize:ga] generation=3/14 best_fitness=-0.06940172812985299
[optimize:ga] eval=90 b1=8104 b2=259128 fitness=1.0688400997627112
[optimize:ga] eval=95 b1=8809 b2=279653 fitness=0.5765734650961994
[optimize:ga] eval=100 b1=8226 b2=288849 fitness=1.0845192806516237
[optimize:ga] eval=105 b1=8419 b2=329900 fitness=1.3329923444924807
[optimize:ga] generation=4/14 best_fitness=-0.06940172812985299
[optimize:ga] eval=110 b1=11394 b2=248342 fitness=1.352021510563141
[optimize:ga] eval=115 b1=9260 b2=193473 fitness=1.6270360493135425
[optimize:ga] eval=120 b1=9528 b2=222927 fitness=1.4007101797132868
[optimize:ga] eval=125 b1=9923 b2=257490 fitness=0.3850587283856262
[optimize:ga] generation=5/14 best_fitness=-0.06940172812985299
[optimize:ga] eval=130 b1=11048 b2=182923 fitness=0.24351917393979983
[optimize:ga] eval=135 b1=9073 b2=234460 fitness=0.3480206735562033
[optimize:ga] eval=140 b1=8727 b2=242761 fitness=0.9107296281176691
[optimize:ga] eval=145 b1=9709 b2=217355 fitness=1.174668522806884
[optimize:ga] new_best eval=128 b1=10182 b2=232317 fitness=-0.08735226362392563
[optimize:ga] generation=6/14 best_fitness=-0.08735226362392563
[optimize:ga] eval=150 b1=8887 b2=304323 fitness=0.846476181128471
[optimize:ga] eval=155 b1=8121 b2=262659 fitness=1.2988419234059945
[optimize:ga] eval=160 b1=8875 b2=306171 fitness=0.5337328144666178
[optimize:ga] eval=165 b1=9139 b2=206714 fitness=0.12175631374020213
[optimize:ga] new_best eval=157 b1=9578 b2=279673 fitness=-0.08974690875901098
[optimize:ga] generation=7/14 best_fitness=-0.08974690875901098
[optimize:ga] eval=170 b1=10285 b2=278695 fitness=-0.023787417764591486
[optimize:ga] eval=175 b1=9953 b2=294264 fitness=1.0951257332769961
[optimize:ga] eval=180 b1=9826 b2=232432 fitness=1.0613205256677345
[optimize:ga] eval=185 b1=10356 b2=290451 fitness=-0.03236642105625644
[optimize:ga] eval=190 b1=10182 b2=232317 fitness=-0.044794555067224795
[optimize:ga] generation=8/14 best_fitness=-0.08974690875901098
[optimize:ga] eval=195 b1=10344 b2=332187 fitness=-0.09019308294873019
[optimize:ga] eval=200 b1=19006 b2=320205 fitness=0.9899389002238552
[optimize:ga] eval=205 b1=10122 b2=287253 fitness=0.18041869876920505
[optimize:ga] eval=210 b1=9001 b2=260116 fitness=0.37141759840638666
[optimize:ga] new_best eval=211 b1=10313 b2=274976 fitness=-0.10988076403565711
[optimize:ga] generation=9/14 best_fitness=-0.10988076403565711
[optimize:ga] eval=215 b1=21797 b2=167058 fitness=5.8971567939264435
[optimize:ga] eval=220 b1=9632 b2=273885 fitness=1.1363356832908673
[optimize:ga] eval=225 b1=10344 b2=332187 fitness=3.0449118328670552
[optimize:ga] eval=230 b1=5524 b2=365543 fitness=3.5784871269924383
[optimize:ga] new_best eval=229 b1=10017 b2=281735 fitness=-0.12633045518116415
[optimize:ga] generation=10/14 best_fitness=-0.12633045518116415
[optimize:ga] eval=235 b1=10080 b2=263544 fitness=0.6561880671890798
[optimize:ga] eval=240 b1=10102 b2=275773 fitness=0.024142189442944176
[optimize:ga] eval=245 b1=10187 b2=263086 fitness=0.01859071076328166
[optimize:ga] eval=250 b1=9356 b2=265506 fitness=-0.0856332515915002
[optimize:ga] generation=11/14 best_fitness=-0.12633045518116415
[optimize:ga] eval=255 b1=9952 b2=281273 fitness=1.186371589598246
[optimize:ga] eval=260 b1=9775 b2=264257 fitness=0.05112597126676317
[optimize:ga] eval=265 b1=10112 b2=286778 fitness=0.077015248685111
[optimize:ga] eval=270 b1=10074 b2=313109 fitness=1.6135040804087968
[optimize:ga] generation=12/14 best_fitness=-0.12633045518116415
[optimize:ga] eval=275 b1=17866 b2=465727 fitness=1.5574359643909568
[optimize:ga] eval=280 b1=14357 b2=252257 fitness=1.0418631799339277
[optimize:ga] eval=285 b1=10192 b2=254700 fitness=1.4926563381644886
[optimize:ga] eval=290 b1=10053 b2=283641 fitness=0.012301041241980561
[optimize:ga] eval=295 b1=10207 b2=296346 fitness=0.042183527312357104
[optimize:ga] generation=13/14 best_fitness=-0.12633045518116415
[optimize:ga] eval=300 b1=10150 b2=291654 fitness=0.17755655538470058
[optimize:ga] eval=305 b1=10091 b2=301786 fitness=0.7573134096816717
[optimize:ga] eval=310 b1=10013 b2=281508 fitness=0.2754768857171292
[optimize:ga] eval=315 b1=9791 b2=284120 fitness=0.5624791543305155
[optimize:ga] generation=14/14 best_fitness=-0.12633045518116415
best_b1=10017
best_b2=281735
objective=-0.126330
result_file: data/experiments/20_dset_20260428T135130Z/ga/optimize_20260428T142659Z/ga_optimize_20260428T142659Z.json
plot_files:
  jump_plot: data/experiments/20_dset_20260428T135130Z/ga/optimize_20260428T142659Z/plots/ga_optimize_20260428T142659Z_jump_plot.png
  b1_b2_trajectory: data/experiments/20_dset_20260428T135130Z/ga/optimize_20260428T142659Z/plots/ga_optimize_20260428T142659Z_b1_b2_trajectory.png
  progress_by_phase: data/experiments/20_dset_20260428T135130Z/ga/optimize_20260428T142659Z/plots/ga_optimize_20260428T142659Z_progress_by_phase.png
  time_efficiency: data/experiments/20_dset_20260428T135130Z/ga/optimize_20260428T142659Z/plots/ga_optimize_20260428T142659Z_time_efficiency.png
  b1_ratio_heatmap: data/experiments/20_dset_20260428T135130Z/ga/optimize_20260428T142659Z/plots/ga_optimize_20260428T142659Z_b1_ratio_heatmap.png
analysis_files:
  events_csv: data/experiments/20_dset_20260428T135130Z/ga/optimize_20260428T142659Z/tables/ga_optimize_20260428T142659Z_events.csv
  new_best_csv: data/experiments/20_dset_20260428T135130Z/ga/optimize_20260428T142659Z/tables/ga_optimize_20260428T142659Z_new_best.csv
  phase_summary_csv: data/experiments/20_dset_20260428T135130Z/ga/optimize_20260428T142659Z/tables/ga_optimize_20260428T142659Z_phase_summary.csv
  run_summary_csv: data/experiments/20_dset_20260428T135130Z/ga/optimize_20260428T142659Z/tables/ga_optimize_20260428T142659Z_run_summary.csv
  report_md: data/experiments/20_dset_20260428T135130Z/ga/optimize_20260428T142659Z/ga_optimize_20260428T142659Z_report.md

STEP 11/12:
ecm-optimizer validate
  --dataset data/numbers/20_dset_20260428T135130Z
  --opt-result-file data/experiments/20_dset_20260428T135130Z/ga/optimize_20260428T142659Z/ga_optimize_20260428T142659Z.json
  --seed 42
  --max-curves-per-n 150
  --repeats-per-n 5
[validate:ga] numbers=20 max_curves_per_n=150 repeats_per_n=5 workers=56
[validate:ga] optimized 1/20
[validate:ga] optimized 2/20
[validate:ga] optimized 3/20
[validate:ga] optimized 4/20
[validate:ga] optimized 5/20
[validate:ga] optimized 6/20
[validate:ga] optimized 7/20
[validate:ga] optimized 8/20
[validate:ga] optimized 9/20
[validate:ga] optimized 10/20
[validate:ga] optimized 11/20
[validate:ga] optimized 12/20
[validate:ga] optimized 13/20
[validate:ga] optimized 14/20
[validate:ga] optimized 15/20
[validate:ga] optimized 16/20
[validate:ga] optimized 17/20
[validate:ga] optimized 18/20
[validate:ga] optimized 19/20
[validate:ga] optimized 20/20
[validate:ga] baseline 1/20
[validate:ga] baseline 2/20
[validate:ga] baseline 3/20
[validate:ga] baseline 4/20
[validate:ga] baseline 5/20
[validate:ga] baseline 6/20
[validate:ga] baseline 7/20
[validate:ga] baseline 8/20
[validate:ga] baseline 9/20
[validate:ga] baseline 10/20
[validate:ga] baseline 11/20
[validate:ga] baseline 12/20
[validate:ga] baseline 13/20
[validate:ga] baseline 14/20
[validate:ga] baseline 15/20
[validate:ga] baseline 16/20
[validate:ga] baseline 17/20
[validate:ga] baseline 18/20
[validate:ga] baseline 19/20
[validate:ga] baseline 20/20
optimized_mean_score=8.936720
baseline_mean_score=1.980817
relative_improvement_pct=-351.16
optimized_mean_time_sec=1.506870
baseline_mean_time_sec=1.469439
time_improvement_pct=-2.55
optimized_mean_curves=99.320000
baseline_mean_curves=96.470000
curves_improvement_pct=-2.95
optimized_mean_success_rate=0.610000
baseline_mean_success_rate=0.640000
success_rate_delta_pp=-3.0000
used_opt_b1=10017
used_opt_b2=281735
used_opt_method=ga
used_base_b1=11000
used_base_b2=220000
result_file: data/experiments/20_dset_20260428T135130Z/ga/optimize_20260428T142659Z/ga_validate_20260428T144828Z.json
report_file: data/experiments/20_dset_20260428T135130Z/ga/optimize_20260428T142659Z/ga_optimize_20260428T142659Z_report.md

STEP 12/12:
ecm-optimizer analyze
  --group-by divisor_size
  --group-by method
  --input data/experiments/20_dset_20260428T135130Z
analyzed_runs: 5
group_by: divisor_size, method
summary_file: data/analysis/analyze_20260428T144905Z/analysis_summary.json
overview_report: data/analysis/analyze_20260428T144905Z/overview/report.md
output_dir: data/analysis/analyze_20260428T144905Z
plan_status: completed
