Loaded Python module: python/3.10_conda
plan_file: data/plans/full_all_methods_single_run_20d.json

STEP 1/12:
ecm-optimizer generate
  --seed 42
  --target-digits 20
  --cofactor-digits 30
  --train-count 20
  --control-count 20
dataset_dir: data/numbers/20_dset_20260427T224546Z
   train_file: data/numbers/20_dset_20260427T224546Z/train.json
   control_file: data/numbers/20_dset_20260427T224546Z/control.json
   manifest_file: data/numbers/20_dset_20260427T224546Z/manifest.json
   generation_file: data/numbers/20_dset_20260427T224546Z/generation.json
generated=40

STEP 2/12:
ecm-optimizer optimize
  --dataset data/numbers/20_dset_20260427T224546Z
  --method de
  --seed 42
  --max-curves-per-n 100
  --repeats-per-n 3
  --de-popsize 10
  --de-maxiter 10
  --b1-min 100
  --b1-max 30000
  --b2-min 100
  --b2-max 600000
  --ratio-max 100
[optimize:de] numbers=20 max_curves_per_n=100 repeats_per_n=3 popsize=10 maxiter=10 workers=56
[optimize:de] numbers=20 max_curves_per_n=100 repeats_per_n=3 popsize=10 maxiter=10 workers=56
[optimize:de] new_best eval=1 b1=20240 b2=122988 fitness=630285.0026260073
[optimize:de] eval=5 b1=3155 b2=3155 fitness=1081850.509818172
[optimize:de] eval=10 b1=7307 b2=18597 fitness=978450.8566890206
[optimize:de] eval=15 b1=5074 b2=84162 fitness=887150.7719237732
[optimize:de] eval=20 b1=113 b2=374 fitness=1100000.3159825457
[optimize:de] eval=25 b1=27322 b2=35523 fitness=871901.9819958761
[optimize:de] eval=30 b1=10472 b2=397377 fitness=571767.754839499
[optimize:de] new_best eval=30 b1=10472 b2=397377 fitness=571767.754839499
[optimize:de] eval=35 b1=29284 b2=29284 fitness=750585.2523180038
[optimize:de] eval=40 b1=113 b2=11300 fitness=1100000.3983680767
differential_evolution step 1: f(x)= 571767.754839499
[optimize:de] generation=1/10 best_fitness=571767.754839499
[optimize:de] eval=45 b1=24979 b2=98820 fitness=461584.584353904
[optimize:de] new_best eval=45 b1=24979 b2=98820 fitness=461584.584353904
[optimize:de] eval=50 b1=2487 b2=6166 fitness=1082667.1962237158
[optimize:de] eval=55 b1=110 b2=9794 fitness=1100000.397679374
[optimize:de] eval=60 b1=194 b2=3512 fitness=1100000.3669980222
differential_evolution step 2: f(x)= 461584.584353904
[optimize:de] generation=2/10 best_fitness=461584.584353904
[optimize:de] eval=65 b1=10472 b2=10472 fitness=1012634.3341296732
[optimize:de] new_best eval=68 b1=23095 b2=597337 fitness=358118.09688326874
[optimize:de] eval=70 b1=26206 b2=26206 fitness=803418.5182838219
[optimize:de] eval=75 b1=3804 b2=10550 fitness=1032317.2997122863
[optimize:de] eval=80 b1=888 b2=68605 fitness=1047433.8756884298
differential_evolution step 3: f(x)= 358118.09688326874
[optimize:de] generation=3/10 best_fitness=358118.09688326874
[optimize:de] eval=85 b1=10472 b2=84050 fitness=783434.3653895572
[optimize:de] new_best eval=87 b1=16349 b2=470363 fitness=325617.7981193838
[optimize:de] eval=90 b1=13117 b2=403889 fitness=553984.5031820894
[optimize:de] eval=95 b1=17187 b2=149367 fitness=590284.6057047748
[optimize:de] eval=100 b1=14017 b2=14017 fitness=872001.1001561072
differential_evolution step 4: f(x)= 325617.7981193838
[optimize:de] generation=4/10 best_fitness=325617.7981193838
[optimize:de] eval=105 b1=14748 b2=14748 fitness=940817.8537970971
[optimize:de] new_best eval=106 b1=29318 b2=578774 fitness=322318.20526607754
[optimize:de] eval=110 b1=29474 b2=29474 fitness=805602.0636736071
[optimize:de] eval=115 b1=644 b2=64400 fitness=1100000.540376232
[optimize:de] eval=120 b1=26447 b2=26447 fitness=874401.9594325973
differential_evolution step 5: f(x)= 322318.20526607754
[optimize:de] generation=5/10 best_fitness=322318.20526607754
[optimize:de] eval=125 b1=23394 b2=390573 fitness=433534.9193806733
[optimize:de] eval=130 b1=21335 b2=37730 fitness=730234.8092084379
[optimize:de] eval=135 b1=24589 b2=149367 fitness=554868.2224013195
[optimize:de] eval=140 b1=22731 b2=304991 fitness=429151.3476292876
differential_evolution step 6: f(x)= 322318.20526607754
[optimize:de] generation=6/10 best_fitness=322318.20526607754
[optimize:de] eval=145 b1=27958 b2=379121 fitness=462134.93334426946
[optimize:de] eval=150 b1=318 b2=12475 fitness=1100000.4202071032
[optimize:de] new_best eval=151 b1=29212 b2=500606 fitness=253151.5107327328
[optimize:de] eval=155 b1=17937 b2=380292 fitness=413584.59487697924
[optimize:de] eval=160 b1=19529 b2=477610 fitness=431018.0496955091
differential_evolution step 7: f(x)= 253151.5107327328
[optimize:de] generation=7/10 best_fitness=253151.5107327328
[optimize:de] eval=165 b1=6078 b2=390573 fitness=696901.0052956218
[optimize:de] eval=170 b1=25253 b2=555089 fitness=354101.36746151984
[optimize:de] new_best eval=172 b1=28430 b2=426878 fitness=250284.6547049171
[optimize:de] eval=175 b1=28430 b2=426878 fitness=303151.3654386152
[optimize:de] eval=180 b1=20308 b2=450702 fitness=482901.43080607965
differential_evolution step 8: f(x)= 250284.6547049171
[optimize:de] generation=8/10 best_fitness=250284.6547049171
[optimize:de] eval=185 b1=27833 b2=423175 fitness=408851.53829909954
[optimize:de] eval=190 b1=29603 b2=544587 fitness=255951.60156254514
[optimize:de] eval=195 b1=19311 b2=426878 fitness=504118.1776695333
[optimize:de] eval=200 b1=18102 b2=406683 fitness=464467.93498041754
differential_evolution step 9: f(x)= 250284.6547049171
[optimize:de] generation=9/10 best_fitness=250284.6547049171
[optimize:de] eval=205 b1=25746 b2=163703 fitness=495951.3341382385
[optimize:de] eval=210 b1=18126 b2=468071 fitness=482651.3765993524
[optimize:de] eval=215 b1=4886 b2=488600 fitness=822084.4874525012
[optimize:de] eval=220 b1=11730 b2=467185 fitness=675267.9477650479
differential_evolution step 10: f(x)= 250284.6547049171
[optimize:de] generation=10/10 best_fitness=250284.6547049171
best_b1=28430
best_b2=426878
objective=250284.654705
result_file: data/experiments/20_dset_20260427T224546Z/de/optimize_20260427T224546Z/de_optimize_20260427T224546Z.json
plot_files:
  jump_plot: data/experiments/20_dset_20260427T224546Z/de/optimize_20260427T224546Z/plots/de_optimize_20260427T224546Z_jump_plot.png
  b1_b2_trajectory: data/experiments/20_dset_20260427T224546Z/de/optimize_20260427T224546Z/plots/de_optimize_20260427T224546Z_b1_b2_trajectory.png
  progress_by_phase: data/experiments/20_dset_20260427T224546Z/de/optimize_20260427T224546Z/plots/de_optimize_20260427T224546Z_progress_by_phase.png
  time_efficiency: data/experiments/20_dset_20260427T224546Z/de/optimize_20260427T224546Z/plots/de_optimize_20260427T224546Z_time_efficiency.png
  b1_ratio_heatmap: data/experiments/20_dset_20260427T224546Z/de/optimize_20260427T224546Z/plots/de_optimize_20260427T224546Z_b1_ratio_heatmap.png
analysis_files:
  events_csv: data/experiments/20_dset_20260427T224546Z/de/optimize_20260427T224546Z/tables/de_optimize_20260427T224546Z_events.csv
  new_best_csv: data/experiments/20_dset_20260427T224546Z/de/optimize_20260427T224546Z/tables/de_optimize_20260427T224546Z_new_best.csv
  phase_summary_csv: data/experiments/20_dset_20260427T224546Z/de/optimize_20260427T224546Z/tables/de_optimize_20260427T224546Z_phase_summary.csv
  run_summary_csv: data/experiments/20_dset_20260427T224546Z/de/optimize_20260427T224546Z/tables/de_optimize_20260427T224546Z_run_summary.csv
  report_md: data/experiments/20_dset_20260427T224546Z/de/optimize_20260427T224546Z/de_optimize_20260427T224546Z_report.md

STEP 3/12:
ecm-optimizer validate
  --dataset data/numbers/20_dset_20260427T224546Z
  --opt-result-file data/experiments/20_dset_20260427T224546Z/de/optimize_20260427T224546Z/de_optimize_20260427T224546Z.json
  --seed 42
  --max-curves-per-n 150
  --repeats-per-n 5
[validate:de] numbers=20 max_curves_per_n=150 repeats_per_n=5 workers=56
[validate:de] optimized 1/20
[validate:de] optimized 2/20
[validate:de] optimized 3/20
[validate:de] optimized 4/20
[validate:de] optimized 5/20
[validate:de] optimized 6/20
[validate:de] optimized 7/20
[validate:de] optimized 8/20
[validate:de] optimized 9/20
[validate:de] optimized 10/20
[validate:de] optimized 11/20
[validate:de] optimized 12/20
[validate:de] optimized 13/20
[validate:de] optimized 14/20
[validate:de] optimized 15/20
[validate:de] optimized 16/20
[validate:de] optimized 17/20
[validate:de] optimized 18/20
[validate:de] optimized 19/20
[validate:de] optimized 20/20
[validate:de] baseline 1/20
[validate:de] baseline 2/20
[validate:de] baseline 3/20
[validate:de] baseline 4/20
[validate:de] baseline 5/20
[validate:de] baseline 6/20
[validate:de] baseline 7/20
[validate:de] baseline 8/20
[validate:de] baseline 9/20
[validate:de] baseline 10/20
[validate:de] baseline 11/20
[validate:de] baseline 12/20
[validate:de] baseline 13/20
[validate:de] baseline 14/20
[validate:de] baseline 15/20
[validate:de] baseline 16/20
[validate:de] baseline 17/20
[validate:de] baseline 18/20
[validate:de] baseline 19/20
[validate:de] baseline 20/20
optimized_mean_score=219291.847186
baseline_mean_score=532521.460567
relative_improvement_pct=58.82
optimized_mean_time_sec=1.847186
baseline_mean_time_sec=1.460567
time_improvement_pct=-26.47
optimized_mean_curves=69.290000
baseline_mean_curves=102.520000
curves_improvement_pct=32.41
optimized_mean_success_rate=0.850000
baseline_mean_success_rate=0.570000
success_rate_delta_pp=28.0000
used_opt_b1=28430
used_opt_b2=426878
used_opt_method=de
used_base_b1=11000
used_base_b2=220000
result_file: data/experiments/20_dset_20260427T224546Z/de/optimize_20260427T224546Z/de_validate_20260427T230041Z.json
report_file: data/experiments/20_dset_20260427T224546Z/de/optimize_20260427T224546Z/de_optimize_20260427T224546Z_report.md

STEP 4/12:
ecm-optimizer optimize
  --dataset data/numbers/20_dset_20260427T224546Z
  --method rs
  --seed 42
  --max-curves-per-n 100
  --repeats-per-n 3
  --rs-budget 60
  --b1-min 100
  --b1-max 30000
  --b2-min 100
  --b2-max 600000
  --ratio-max 100
[optimize:rs] numbers=20 max_curves_per_n=100 repeats_per_n=3 budget=60 workers=56
[optimize:rs] new_best eval=1 b1=1461 b2=6510 fitness=1065900.4525628372
[optimize:rs] step=1/60 new_best b1=1462 b2=6511 fitness=1065900.4525628372
[optimize:rs] new_best eval=4 b1=1649 b2=114748 fitness=1047050.6927532385
[optimize:rs] step=4/60 new_best b1=1649 b2=114749 fitness=1047050.6927532385
[optimize:rs] eval=5 b1=17048 b2=19440 fitness=977634.7913088939
[optimize:rs] new_best eval=5 b1=17048 b2=19440 fitness=977634.7913088939
[optimize:rs] step=5/60 new_best b1=17049 b2=19440 fitness=977634.7913088939
[optimize:rs] new_best eval=9 b1=21489 b2=262633 fitness=448118.0575415608
[optimize:rs] step=9/60 new_best b1=21490 b2=262634 fitness=448118.0575415608
[optimize:rs] eval=10 b1=516 b2=42397 fitness=1082917.1932185874
[optimize:rs] eval=15 b1=483 b2=3547 fitness=1100000.389316718
[optimize:rs] eval=20 b1=3365 b2=336500 fitness=906767.6424136012
[optimize:rs] new_best eval=22 b1=20936 b2=202675 fitness=414384.5942338801
[optimize:rs] step=22/60 new_best b1=20937 b2=202676 fitness=414384.5942338801
[optimize:rs] new_best eval=24 b1=25950 b2=417950 fitness=357401.429792677
[optimize:rs] step=24/60 new_best b1=25951 b2=417950 fitness=357401.429792677
[optimize:rs] eval=25 b1=967 b2=95433 fitness=1048800.609530168
[optimize:rs] eval=30 b1=11703 b2=16875 fitness=944217.7895314896
[optimize:rs] eval=35 b1=9043 b2=472323 fitness=555651.108434884
[optimize:rs] eval=40 b1=1847 b2=13733 fitness=1081733.8471971338
[optimize:rs] eval=45 b1=22859 b2=279859 fitness=451451.54162813665
[optimize:rs] eval=50 b1=313 b2=31300 fitness=1100000.4664260582
[optimize:rs] eval=55 b1=18334 b2=449991 fitness=396101.2622672659
[optimize:rs] new_best eval=58 b1=28532 b2=478711 fitness=270601.4731892477
[optimize:rs] step=58/60 new_best b1=28532 b2=478711 fitness=270601.4731892477
[optimize:rs] eval=60 b1=120 b2=12000 fitness=1100000.4050842035
best_b1=28532
best_b2=478711
objective=270601.473189
result_file: data/experiments/20_dset_20260427T224546Z/rs/optimize_20260427T230107Z/rs_optimize_20260427T230107Z.json
plot_files:
  jump_plot: data/experiments/20_dset_20260427T224546Z/rs/optimize_20260427T230107Z/plots/rs_optimize_20260427T230107Z_jump_plot.png
  b1_b2_trajectory: data/experiments/20_dset_20260427T224546Z/rs/optimize_20260427T230107Z/plots/rs_optimize_20260427T230107Z_b1_b2_trajectory.png
  progress_by_phase: data/experiments/20_dset_20260427T224546Z/rs/optimize_20260427T230107Z/plots/rs_optimize_20260427T230107Z_progress_by_phase.png
  time_efficiency: data/experiments/20_dset_20260427T224546Z/rs/optimize_20260427T230107Z/plots/rs_optimize_20260427T230107Z_time_efficiency.png
  b1_ratio_heatmap: data/experiments/20_dset_20260427T224546Z/rs/optimize_20260427T230107Z/plots/rs_optimize_20260427T230107Z_b1_ratio_heatmap.png
analysis_files:
  events_csv: data/experiments/20_dset_20260427T224546Z/rs/optimize_20260427T230107Z/tables/rs_optimize_20260427T230107Z_events.csv
  new_best_csv: data/experiments/20_dset_20260427T224546Z/rs/optimize_20260427T230107Z/tables/rs_optimize_20260427T230107Z_new_best.csv
  phase_summary_csv: data/experiments/20_dset_20260427T224546Z/rs/optimize_20260427T230107Z/tables/rs_optimize_20260427T230107Z_phase_summary.csv
  run_summary_csv: data/experiments/20_dset_20260427T224546Z/rs/optimize_20260427T230107Z/tables/rs_optimize_20260427T230107Z_run_summary.csv
  report_md: data/experiments/20_dset_20260427T224546Z/rs/optimize_20260427T230107Z/rs_optimize_20260427T230107Z_report.md

STEP 5/12:
ecm-optimizer validate
  --dataset data/numbers/20_dset_20260427T224546Z
  --opt-result-file data/experiments/20_dset_20260427T224546Z/rs/optimize_20260427T230107Z/rs_optimize_20260427T230107Z.json
  --seed 42
  --max-curves-per-n 150
  --repeats-per-n 5
[validate:rs] numbers=20 max_curves_per_n=150 repeats_per_n=5 workers=56
[validate:rs] optimized 1/20
[validate:rs] optimized 2/20
[validate:rs] optimized 3/20
[validate:rs] optimized 4/20
[validate:rs] optimized 5/20
[validate:rs] optimized 6/20
[validate:rs] optimized 7/20
[validate:rs] optimized 8/20
[validate:rs] optimized 9/20
[validate:rs] optimized 10/20
[validate:rs] optimized 11/20
[validate:rs] optimized 12/20
[validate:rs] optimized 13/20
[validate:rs] optimized 14/20
[validate:rs] optimized 15/20
[validate:rs] optimized 16/20
[validate:rs] optimized 17/20
[validate:rs] optimized 18/20
[validate:rs] optimized 19/20
[validate:rs] optimized 20/20
[validate:rs] baseline 1/20
[validate:rs] baseline 2/20
[validate:rs] baseline 3/20
[validate:rs] baseline 4/20
[validate:rs] baseline 5/20
[validate:rs] baseline 6/20
[validate:rs] baseline 7/20
[validate:rs] baseline 8/20
[validate:rs] baseline 9/20
[validate:rs] baseline 10/20
[validate:rs] baseline 11/20
[validate:rs] baseline 12/20
[validate:rs] baseline 13/20
[validate:rs] baseline 14/20
[validate:rs] baseline 15/20
[validate:rs] baseline 16/20
[validate:rs] baseline 17/20
[validate:rs] baseline 18/20
[validate:rs] baseline 19/20
[validate:rs] baseline 20/20
optimized_mean_score=235261.710571
baseline_mean_score=614411.474739
relative_improvement_pct=61.71
optimized_mean_time_sec=1.710571
baseline_mean_time_sec=1.474739
time_improvement_pct=-15.99
optimized_mean_curves=65.260000
baseline_mean_curves=104.410000
curves_improvement_pct=37.50
optimized_mean_success_rate=0.830000
baseline_mean_success_rate=0.490000
success_rate_delta_pp=34.0000
used_opt_b1=28532
used_opt_b2=478711
used_opt_method=rs
used_base_b1=11000
used_base_b2=220000
result_file: data/experiments/20_dset_20260427T224546Z/rs/optimize_20260427T230107Z/rs_validate_20260427T230359Z.json
report_file: data/experiments/20_dset_20260427T224546Z/rs/optimize_20260427T230107Z/rs_optimize_20260427T230107Z_report.md

STEP 6/12:
ecm-optimizer optimize
  --dataset data/numbers/20_dset_20260427T224546Z
  --method pso
  --seed 42
  --max-curves-per-n 100
  --repeats-per-n 3
  --pso-swarm-size 18
  --pso-iterations 12
  --b1-min 100
  --b1-max 30000
  --b2-min 100
  --b2-max 600000
  --ratio-max 100
[optimize:pso] numbers=20 max_curves_per_n=100 repeats_per_n=3 swarm_size=18 iterations=12 workers=56
[optimize:pso] eval=5 b1=519 b2=7888 fitness=1100000.4027812122
[optimize:pso] eval=10 b1=4908 b2=4908 fitness=1083117.3149919314
[optimize:pso] eval=15 b1=379 b2=471 fitness=1100000.3315493562
[optimize:pso] new_best eval=17 b1=22383 b2=125967 fitness=552934.702068309
[optimize:pso] init_best fitness=552934.702068309
[optimize:pso] eval=20 b1=30000 b2=145790 fitness=522835.1836628649
[optimize:pso] new_best eval=20 b1=30000 b2=145790 fitness=522835.1836628649
[optimize:pso] new_best eval=21 b1=30000 b2=301282 fitness=272368.18253134686
[optimize:pso] eval=25 b1=30000 b2=33527 fitness=768068.6812570707
[optimize:pso] eval=30 b1=30000 b2=513946 fitness=233284.7498281544
[optimize:pso] new_best eval=30 b1=30000 b2=513946 fitness=233284.7498281544
[optimize:pso] eval=35 b1=14107 b2=525517 fitness=464284.51186193374
[optimize:pso] iteration=1/12 best_fitness=233284.7498281544
[optimize:pso] eval=40 b1=20438 b2=600000 fitness=345551.4268665234
[optimize:pso] eval=45 b1=21128 b2=250257 fitness=484268.08411523484
[optimize:pso] eval=50 b1=30000 b2=600000 fitness=394401.7216950058
[optimize:pso] iteration=2/12 best_fitness=233284.7498281544
[optimize:pso] eval=55 b1=9312 b2=600000 fitness=572834.477067311
[optimize:pso] new_best eval=56 b1=30000 b2=600000 fitness=227601.26544059473
[optimize:pso] eval=60 b1=30000 b2=600000 fitness=362868.4655569399
[optimize:pso] eval=65 b1=30000 b2=600000 fitness=234768.10995811457
[optimize:pso] eval=70 b1=30000 b2=600000 fitness=339451.55585792905
[optimize:pso] iteration=3/12 best_fitness=227601.26544059473
[optimize:pso] new_best eval=74 b1=30000 b2=600000 fitness=212967.9639733958
[optimize:pso] eval=75 b1=30000 b2=600000 fitness=345001.7946962972
[optimize:pso] new_best eval=78 b1=30000 b2=600000 fitness=201668.10040603369
[optimize:pso] eval=80 b1=30000 b2=600000 fitness=378535.1437429263
[optimize:pso] eval=85 b1=30000 b2=600000 fitness=254918.26507659987
[optimize:pso] eval=90 b1=30000 b2=600000 fitness=179734.6124422724
[optimize:pso] new_best eval=90 b1=30000 b2=600000 fitness=179734.6124422724
[optimize:pso] iteration=4/12 best_fitness=179734.6124422724
[optimize:pso] eval=95 b1=30000 b2=600000 fitness=235418.10910910432
[optimize:pso] eval=100 b1=30000 b2=600000 fitness=304051.5587667976
[optimize:pso] eval=105 b1=30000 b2=600000 fitness=323768.2630698007
[optimize:pso] iteration=5/12 best_fitness=179734.6124422724
[optimize:pso] eval=110 b1=30000 b2=600000 fitness=335901.4850596595
[optimize:pso] eval=115 b1=30000 b2=600000 fitness=322518.21970106097
[optimize:pso] new_best eval=118 b1=30000 b2=600000 fitness=164117.9971245083
[optimize:pso] eval=120 b1=30000 b2=600000 fitness=339818.2291792103
[optimize:pso] eval=125 b1=30000 b2=600000 fitness=246501.28599372072
[optimize:pso] iteration=6/12 best_fitness=164117.9971245083
[optimize:pso] eval=130 b1=30000 b2=600000 fitness=340218.2404508433
[optimize:pso] eval=135 b1=30000 b2=600000 fitness=259451.76886852903
[optimize:pso] eval=140 b1=30000 b2=600000 fitness=410001.69717691897
[optimize:pso] iteration=7/12 best_fitness=164117.9971245083
[optimize:pso] eval=145 b1=30000 b2=600000 fitness=286934.8189944613
[optimize:pso] eval=150 b1=30000 b2=600000 fitness=327018.4098931824
[optimize:pso] eval=155 b1=30000 b2=600000 fitness=339118.21701417596
[optimize:pso] eval=160 b1=30000 b2=600000 fitness=302718.19010776764
[optimize:pso] iteration=8/12 best_fitness=164117.9971245083
[optimize:pso] eval=165 b1=30000 b2=302716 fitness=409518.2185213934
[optimize:pso] new_best eval=167 b1=30000 b2=600000 fitness=124884.4614919862
[optimize:pso] eval=170 b1=30000 b2=600000 fitness=409584.9955748161
[optimize:pso] eval=175 b1=30000 b2=600000 fitness=315368.03546982293
[optimize:pso] eval=180 b1=30000 b2=600000 fitness=359835.00786129234
[optimize:pso] iteration=9/12 best_fitness=124884.4614919862
[optimize:pso] eval=185 b1=30000 b2=600000 fitness=302301.4736262182
[optimize:pso] eval=190 b1=30000 b2=600000 fitness=249534.75408685353
[optimize:pso] eval=195 b1=30000 b2=600000 fitness=410768.4116244396
[optimize:pso] iteration=10/12 best_fitness=124884.4614919862
[optimize:pso] eval=200 b1=30000 b2=600000 fitness=306568.26282397384
[optimize:pso] eval=205 b1=30000 b2=600000 fitness=357868.2475109977
[optimize:pso] eval=210 b1=30000 b2=600000 fitness=300218.06313073577
[optimize:pso] eval=215 b1=30000 b2=600000 fitness=286968.13667082816
[optimize:pso] iteration=11/12 best_fitness=124884.4614919862
[optimize:pso] eval=220 b1=30000 b2=600000 fitness=319151.422534545
[optimize:pso] eval=225 b1=30000 b2=600000 fitness=397185.10038106906
[optimize:pso] eval=230 b1=30000 b2=600000 fitness=228767.93479265817
[optimize:pso] iteration=12/12 best_fitness=124884.4614919862
best_b1=30000
best_b2=600000
objective=124884.461492
result_file: data/experiments/20_dset_20260427T224546Z/pso/optimize_20260427T230426Z/pso_optimize_20260427T230426Z.json
plot_files:
  jump_plot: data/experiments/20_dset_20260427T224546Z/pso/optimize_20260427T230426Z/plots/pso_optimize_20260427T230426Z_jump_plot.png
  b1_b2_trajectory: data/experiments/20_dset_20260427T224546Z/pso/optimize_20260427T230426Z/plots/pso_optimize_20260427T230426Z_b1_b2_trajectory.png
  progress_by_phase: data/experiments/20_dset_20260427T224546Z/pso/optimize_20260427T230426Z/plots/pso_optimize_20260427T230426Z_progress_by_phase.png
  time_efficiency: data/experiments/20_dset_20260427T224546Z/pso/optimize_20260427T230426Z/plots/pso_optimize_20260427T230426Z_time_efficiency.png
  b1_ratio_heatmap: data/experiments/20_dset_20260427T224546Z/pso/optimize_20260427T230426Z/plots/pso_optimize_20260427T230426Z_b1_ratio_heatmap.png
analysis_files:
  events_csv: data/experiments/20_dset_20260427T224546Z/pso/optimize_20260427T230426Z/tables/pso_optimize_20260427T230426Z_events.csv
  new_best_csv: data/experiments/20_dset_20260427T224546Z/pso/optimize_20260427T230426Z/tables/pso_optimize_20260427T230426Z_new_best.csv
  phase_summary_csv: data/experiments/20_dset_20260427T224546Z/pso/optimize_20260427T230426Z/tables/pso_optimize_20260427T230426Z_phase_summary.csv
  run_summary_csv: data/experiments/20_dset_20260427T224546Z/pso/optimize_20260427T230426Z/tables/pso_optimize_20260427T230426Z_run_summary.csv
  report_md: data/experiments/20_dset_20260427T224546Z/pso/optimize_20260427T230426Z/pso_optimize_20260427T230426Z_report.md

STEP 7/12:
ecm-optimizer validate
  --dataset data/numbers/20_dset_20260427T224546Z
  --opt-result-file data/experiments/20_dset_20260427T224546Z/pso/optimize_20260427T230426Z/pso_optimize_20260427T230426Z.json
  --seed 42
  --max-curves-per-n 150
  --repeats-per-n 5
[validate:pso] numbers=20 max_curves_per_n=150 repeats_per_n=5 workers=56
[validate:pso] optimized 1/20
[validate:pso] optimized 2/20
[validate:pso] optimized 3/20
[validate:pso] optimized 4/20
[validate:pso] optimized 5/20
[validate:pso] optimized 6/20
[validate:pso] optimized 7/20
[validate:pso] optimized 8/20
[validate:pso] optimized 9/20
[validate:pso] optimized 10/20
[validate:pso] optimized 11/20
[validate:pso] optimized 12/20
[validate:pso] optimized 13/20
[validate:pso] optimized 14/20
[validate:pso] optimized 15/20
[validate:pso] optimized 16/20
[validate:pso] optimized 17/20
[validate:pso] optimized 18/20
[validate:pso] optimized 19/20
[validate:pso] optimized 20/20
[validate:pso] baseline 1/20
[validate:pso] baseline 2/20
[validate:pso] baseline 3/20
[validate:pso] baseline 4/20
[validate:pso] baseline 5/20
[validate:pso] baseline 6/20
[validate:pso] baseline 7/20
[validate:pso] baseline 8/20
[validate:pso] baseline 9/20
[validate:pso] baseline 10/20
[validate:pso] baseline 11/20
[validate:pso] baseline 12/20
[validate:pso] baseline 13/20
[validate:pso] baseline 14/20
[validate:pso] baseline 15/20
[validate:pso] baseline 16/20
[validate:pso] baseline 17/20
[validate:pso] baseline 18/20
[validate:pso] baseline 19/20
[validate:pso] baseline 20/20
optimized_mean_score=261582.053012
baseline_mean_score=632221.620729
relative_improvement_pct=58.62
optimized_mean_time_sec=2.053012
baseline_mean_time_sec=1.620729
time_improvement_pct=-26.67
optimized_mean_curves=71.580000
baseline_mean_curves=112.220000
curves_improvement_pct=36.21
optimized_mean_success_rate=0.810000
baseline_mean_success_rate=0.480000
success_rate_delta_pp=33.0000
used_opt_b1=30000
used_opt_b2=600000
used_opt_method=pso
used_base_b1=11000
used_base_b2=220000
result_file: data/experiments/20_dset_20260427T224546Z/pso/optimize_20260427T230426Z/pso_validate_20260427T233032Z.json
report_file: data/experiments/20_dset_20260427T224546Z/pso/optimize_20260427T230426Z/pso_optimize_20260427T230426Z_report.md

STEP 8/12:
ecm-optimizer optimize
  --dataset data/numbers/20_dset_20260427T224546Z
  --method bo
  --seed 42
  --max-curves-per-n 100
  --repeats-per-n 3
  --bo-initial-samples 16
  --bo-iterations 22
  --bo-candidate-pool 2500
  --b1-min 100
  --b1-max 30000
  --b2-min 100
  --b2-max 600000
  --ratio-max 100
[optimize:bo] numbers=20 max_curves_per_n=100 repeats_per_n=3 initial_samples=16 iterations=22 candidate_pool=2500 workers=56
[optimize:bo] new_best eval=1 b1=334 b2=8651 fitness=1100000.401120024
[optimize:bo] new_best eval=2 b1=13682 b2=304619 fitness=391684.33960192406
[optimize:bo] eval=5 b1=206 b2=20600 fitness=1100000.4345478374
[optimize:bo] eval=10 b1=386 b2=9479 fitness=1100000.4050607816
[optimize:bo] eval=15 b1=4095 b2=4095 fitness=1100000.5939537908
[optimize:bo] initial_design_completed points=16
[optimize:bo] iteration=1/22 best_fitness=391684.33960192406
[optimize:bo] iteration=2/22 best_fitness=391684.33960192406
[optimize:bo] new_best eval=19 b1=24800 b2=515647 fitness=337984.7110226861
[optimize:bo] iteration=3/22 best_fitness=337984.7110226861
[optimize:bo] eval=20 b1=2168 b2=216800 fitness=1012850.8150035276
[optimize:bo] iteration=4/22 best_fitness=337984.7110226861
[optimize:bo] iteration=5/22 best_fitness=337984.7110226861
[optimize:bo] iteration=6/22 best_fitness=337984.7110226861
[optimize:bo] iteration=7/22 best_fitness=337984.7110226861
[optimize:bo] iteration=8/22 best_fitness=337984.7110226861
[optimize:bo] eval=25 b1=25732 b2=512730 fitness=214301.23010447377
[optimize:bo] new_best eval=25 b1=25732 b2=512730 fitness=214301.23010447377
[optimize:bo] iteration=9/22 best_fitness=214301.23010447377
[optimize:bo] iteration=10/22 best_fitness=214301.23010447377
[optimize:bo] iteration=11/22 best_fitness=214301.23010447377
[optimize:bo] iteration=12/22 best_fitness=214301.23010447377
[optimize:bo] iteration=13/22 best_fitness=214301.23010447377
[optimize:bo] eval=30 b1=24816 b2=294460 fitness=462951.4928855965
[optimize:bo] iteration=14/22 best_fitness=214301.23010447377
[optimize:bo] iteration=15/22 best_fitness=214301.23010447377
[optimize:bo] iteration=16/22 best_fitness=214301.23010447377
[optimize:bo] iteration=17/22 best_fitness=214301.23010447377
[optimize:bo] iteration=18/22 best_fitness=214301.23010447377
[optimize:bo] eval=35 b1=25294 b2=465489 fitness=465968.3324970912
[optimize:bo] iteration=19/22 best_fitness=214301.23010447377
[optimize:bo] iteration=20/22 best_fitness=214301.23010447377
[optimize:bo] iteration=21/22 best_fitness=214301.23010447377
[optimize:bo] iteration=22/22 best_fitness=214301.23010447377
best_b1=25732
best_b2=512730
objective=214301.230104
result_file: data/experiments/20_dset_20260427T224546Z/bo/optimize_20260427T233101Z/bo_optimize_20260427T233101Z.json
plot_files:
  jump_plot: data/experiments/20_dset_20260427T224546Z/bo/optimize_20260427T233101Z/plots/bo_optimize_20260427T233101Z_jump_plot.png
  b1_b2_trajectory: data/experiments/20_dset_20260427T224546Z/bo/optimize_20260427T233101Z/plots/bo_optimize_20260427T233101Z_b1_b2_trajectory.png
  progress_by_phase: data/experiments/20_dset_20260427T224546Z/bo/optimize_20260427T233101Z/plots/bo_optimize_20260427T233101Z_progress_by_phase.png
  time_efficiency: data/experiments/20_dset_20260427T224546Z/bo/optimize_20260427T233101Z/plots/bo_optimize_20260427T233101Z_time_efficiency.png
  b1_ratio_heatmap: data/experiments/20_dset_20260427T224546Z/bo/optimize_20260427T233101Z/plots/bo_optimize_20260427T233101Z_b1_ratio_heatmap.png
analysis_files:
  events_csv: data/experiments/20_dset_20260427T224546Z/bo/optimize_20260427T233101Z/tables/bo_optimize_20260427T233101Z_events.csv
  new_best_csv: data/experiments/20_dset_20260427T224546Z/bo/optimize_20260427T233101Z/tables/bo_optimize_20260427T233101Z_new_best.csv
  phase_summary_csv: data/experiments/20_dset_20260427T224546Z/bo/optimize_20260427T233101Z/tables/bo_optimize_20260427T233101Z_phase_summary.csv
  run_summary_csv: data/experiments/20_dset_20260427T224546Z/bo/optimize_20260427T233101Z/tables/bo_optimize_20260427T233101Z_run_summary.csv
  report_md: data/experiments/20_dset_20260427T224546Z/bo/optimize_20260427T233101Z/bo_optimize_20260427T233101Z_report.md

STEP 9/12:
ecm-optimizer validate
  --dataset data/numbers/20_dset_20260427T224546Z
  --opt-result-file data/experiments/20_dset_20260427T224546Z/bo/optimize_20260427T233101Z/bo_optimize_20260427T233101Z.json
  --seed 42
  --max-curves-per-n 150
  --repeats-per-n 5
[validate:bo] numbers=20 max_curves_per_n=150 repeats_per_n=5 workers=56
[validate:bo] optimized 1/20
[validate:bo] optimized 2/20
[validate:bo] optimized 3/20
[validate:bo] optimized 4/20
[validate:bo] optimized 5/20
[validate:bo] optimized 6/20
[validate:bo] optimized 7/20
[validate:bo] optimized 8/20
[validate:bo] optimized 9/20
[validate:bo] optimized 10/20
[validate:bo] optimized 11/20
[validate:bo] optimized 12/20
[validate:bo] optimized 13/20
[validate:bo] optimized 14/20
[validate:bo] optimized 15/20
[validate:bo] optimized 16/20
[validate:bo] optimized 17/20
[validate:bo] optimized 18/20
[validate:bo] optimized 19/20
[validate:bo] optimized 20/20
[validate:bo] baseline 1/20
[validate:bo] baseline 2/20
[validate:bo] baseline 3/20
[validate:bo] baseline 4/20
[validate:bo] baseline 5/20
[validate:bo] baseline 6/20
[validate:bo] baseline 7/20
[validate:bo] baseline 8/20
[validate:bo] baseline 9/20
[validate:bo] baseline 10/20
[validate:bo] baseline 11/20
[validate:bo] baseline 12/20
[validate:bo] baseline 13/20
[validate:bo] baseline 14/20
[validate:bo] baseline 15/20
[validate:bo] baseline 16/20
[validate:bo] baseline 17/20
[validate:bo] baseline 18/20
[validate:bo] baseline 19/20
[validate:bo] baseline 20/20
optimized_mean_score=163141.579339
baseline_mean_score=553571.498835
relative_improvement_pct=70.53
optimized_mean_time_sec=1.579339
baseline_mean_time_sec=1.498835
time_improvement_pct=-5.37
optimized_mean_curves=63.140000
baseline_mean_curves=103.570000
curves_improvement_pct=39.04
optimized_mean_success_rate=0.900000
baseline_mean_success_rate=0.550000
success_rate_delta_pp=35.0000
used_opt_b1=25732
used_opt_b2=512730
used_opt_method=bo
used_base_b1=11000
used_base_b2=220000
result_file: data/experiments/20_dset_20260427T224546Z/bo/optimize_20260427T233101Z/bo_validate_20260427T233357Z.json
report_file: data/experiments/20_dset_20260427T224546Z/bo/optimize_20260427T233101Z/bo_optimize_20260427T233101Z_report.md

STEP 10/12:
ecm-optimizer optimize
  --dataset data/numbers/20_dset_20260427T224546Z
  --method ga
  --seed 42
  --max-curves-per-n 100
  --repeats-per-n 3
  --ga-population-size 22
  --ga-generations 14
  --ga-mutation-prob 0.14
  --b1-min 100
  --b1-max 30000
  --b2-min 100
  --b2-max 600000
  --ratio-max 100
[optimize:ga] numbers=20 max_curves_per_n=100 repeats_per_n=3 population_size=22 generations=14 mutation_prob=0.14 workers=56
[optimize:ga] eval=5 b1=3969 b2=396900 fitness=851834.2874856376
[optimize:ga] eval=10 b1=19810 b2=160232 fitness=624901.4339816419
[optimize:ga] eval=15 b1=5366 b2=197984 fitness=797550.8168314032
[optimize:ga] eval=20 b1=9046 b2=442677 fitness=677084.4214669664
[optimize:ga] new_best eval=17 b1=23703 b2=189615 fitness=518484.8360906927
[optimize:ga] init_best fitness=518484.8360906927
[optimize:ga] eval=25 b1=5462 b2=5462 fitness=1065267.3447002338
[optimize:ga] eval=30 b1=2029 b2=5383 fitness=1100000.4981880418
[optimize:ga] eval=35 b1=20777 b2=167559 fitness=470484.7158044001
[optimize:ga] eval=40 b1=12953 b2=277944 fitness=605684.4952511832
[optimize:ga] new_best eval=28 b1=13854 b2=287633 fitness=453867.83067675115
[optimize:ga] generation=1/14 best_fitness=453867.83067675115
[optimize:ga] eval=45 b1=16927 b2=191519 fitness=533767.8334277421
[optimize:ga] eval=50 b1=19957 b2=167958 fitness=521884.7126498757
[optimize:ga] eval=55 b1=8107 b2=208825 fitness=678884.2714520242
[optimize:ga] eval=60 b1=13854 b2=287633 fitness=637684.4863003059
[optimize:ga] new_best eval=47 b1=15859 b2=244528 fitness=429101.0545045289
[optimize:ga] generation=2/14 best_fitness=429101.0545045289
[optimize:ga] eval=65 b1=16810 b2=196535 fitness=624617.946050343
[optimize:ga] eval=70 b1=15742 b2=209429 fitness=621684.5591119889
[optimize:ga] eval=75 b1=13854 b2=287633 fitness=694734.6451695509
[optimize:ga] eval=80 b1=17070 b2=194101 fitness=654767.8703534307
[optimize:ga] eval=85 b1=17899 b2=184576 fitness=575018.0489726666
[optimize:ga] new_best eval=72 b1=14007 b2=264006 fitness=426167.66572531866
[optimize:ga] generation=3/14 best_fitness=426167.66572531866
[optimize:ga] eval=90 b1=10958 b2=223139 fitness=680034.480577258
[optimize:ga] eval=95 b1=15806 b2=212565 fitness=622951.2532879302
[optimize:ga] eval=100 b1=9680 b2=227023 fitness=693617.6698763
[optimize:ga] eval=105 b1=16006 b2=225095 fitness=498951.1232194234
[optimize:ga] new_best eval=87 b1=28269 b2=401223 fitness=268451.3544542253
[optimize:ga] generation=4/14 best_fitness=268451.3544542253
[optimize:ga] eval=110 b1=20528 b2=323886 fitness=430951.3624628253
[optimize:ga] eval=115 b1=13094 b2=279619 fitness=478567.6443604233
[optimize:ga] eval=120 b1=15918 b2=311559 fitness=447667.85054110753
[optimize:ga] eval=125 b1=17231 b2=346741 fitness=591168.1368279643
[optimize:ga] generation=5/14 best_fitness=268451.3544542253
[optimize:ga] eval=130 b1=25355 b2=291928 fitness=391201.30340802565
[optimize:ga] eval=135 b1=13462 b2=283276 fitness=554917.8012393716
[optimize:ga] eval=140 b1=21367 b2=338124 fitness=409967.98009850614
[optimize:ga] eval=145 b1=23603 b2=368087 fitness=391868.047220929
[optimize:ga] generation=6/14 best_fitness=268451.3544542253
[optimize:ga] eval=150 b1=23462 b2=370043 fitness=274301.3086128666
[optimize:ga] eval=155 b1=24686 b2=373792 fitness=393268.0997819001
[optimize:ga] eval=160 b1=23362 b2=367167 fitness=431301.5220615716
[optimize:ga] eval=165 b1=19356 b2=323567 fitness=380701.34892850433
[optimize:ga] generation=7/14 best_fitness=268451.3544542253
[optimize:ga] eval=170 b1=23198 b2=383946 fitness=530518.1763925725
[optimize:ga] eval=175 b1=25984 b2=396085 fitness=284317.9344182844
[optimize:ga] eval=180 b1=27790 b2=397635 fitness=445284.9945066519
[optimize:ga] eval=185 b1=23243 b2=360128 fitness=309818.0492045414
[optimize:ga] eval=190 b1=28269 b2=401223 fitness=353701.37480016315
[optimize:ga] new_best eval=178 b1=30000 b2=312890 fitness=264484.5701776187
[optimize:ga] generation=8/14 best_fitness=264484.5701776187
[optimize:ga] eval=195 b1=26441 b2=397144 fitness=361834.90257881756
[optimize:ga] eval=200 b1=30000 b2=447221 fitness=304251.45853005035
[optimize:ga] eval=205 b1=28305 b2=404369 fitness=394601.61348741566
[optimize:ga] eval=210 b1=28345 b2=405843 fitness=286901.3714895281
[optimize:ga] generation=9/14 best_fitness=264484.5701776187
[optimize:ga] eval=215 b1=30000 b2=217946 fitness=395268.30464889045
[optimize:ga] eval=220 b1=29739 b2=325642 fitness=361218.3813142714
[optimize:ga] eval=225 b1=30000 b2=415232 fitness=216484.67113078677
[optimize:ga] eval=230 b1=15443 b2=578364 fitness=465451.2921646451
[optimize:ga] new_best eval=225 b1=30000 b2=415232 fitness=216484.67113078677
[optimize:ga] generation=10/14 best_fitness=216484.67113078677
[optimize:ga] eval=235 b1=28631 b2=407488 fitness=376101.6075970255
[optimize:ga] eval=240 b1=28296 b2=405127 fitness=532685.1379072741
[optimize:ga] eval=245 b1=28267 b2=405052 fitness=391434.89216704114
[optimize:ga] eval=250 b1=28352 b2=404996 fitness=341534.86417268537
[optimize:ga] generation=11/14 best_fitness=216484.67113078677
[optimize:ga] eval=255 b1=28653 b2=393097 fitness=306401.5001092114
[optimize:ga] eval=260 b1=28554 b2=407943 fitness=393051.6428303768
[optimize:ga] eval=265 b1=28705 b2=390476 fitness=398101.7531260827
[optimize:ga] eval=270 b1=28181 b2=403040 fitness=385401.307015456
[optimize:ga] generation=12/14 best_fitness=216484.67113078677
[optimize:ga] eval=275 b1=30000 b2=600000 fitness=248984.6770216725
[optimize:ga] eval=280 b1=30000 b2=371786 fitness=418751.96417692956
[optimize:ga] eval=285 b1=30000 b2=382386 fitness=376968.30962972285
[optimize:ga] eval=290 b1=28637 b2=433983 fitness=364451.76421686396
[optimize:ga] eval=295 b1=29085 b2=398217 fitness=324001.5108008258
[optimize:ga] generation=13/14 best_fitness=216484.67113078677
[optimize:ga] eval=300 b1=29363 b2=403379 fitness=282884.6176925694
[optimize:ga] eval=305 b1=29100 b2=410264 fitness=291634.9440704503
[optimize:ga] eval=310 b1=29695 b2=412769 fitness=391884.94018653774
[optimize:ga] eval=315 b1=29765 b2=407694 fitness=358818.3184612054
[optimize:ga] generation=14/14 best_fitness=216484.67113078677
best_b1=30000
best_b2=415232
objective=216484.671131
result_file: data/experiments/20_dset_20260427T224546Z/ga/optimize_20260427T233425Z/ga_optimize_20260427T233425Z.json
plot_files:
  jump_plot: data/experiments/20_dset_20260427T224546Z/ga/optimize_20260427T233425Z/plots/ga_optimize_20260427T233425Z_jump_plot.png
  b1_b2_trajectory: data/experiments/20_dset_20260427T224546Z/ga/optimize_20260427T233425Z/plots/ga_optimize_20260427T233425Z_b1_b2_trajectory.png
  progress_by_phase: data/experiments/20_dset_20260427T224546Z/ga/optimize_20260427T233425Z/plots/ga_optimize_20260427T233425Z_progress_by_phase.png
  time_efficiency: data/experiments/20_dset_20260427T224546Z/ga/optimize_20260427T233425Z/plots/ga_optimize_20260427T233425Z_time_efficiency.png
  b1_ratio_heatmap: data/experiments/20_dset_20260427T224546Z/ga/optimize_20260427T233425Z/plots/ga_optimize_20260427T233425Z_b1_ratio_heatmap.png
analysis_files:
  events_csv: data/experiments/20_dset_20260427T224546Z/ga/optimize_20260427T233425Z/tables/ga_optimize_20260427T233425Z_events.csv
  new_best_csv: data/experiments/20_dset_20260427T224546Z/ga/optimize_20260427T233425Z/tables/ga_optimize_20260427T233425Z_new_best.csv
  phase_summary_csv: data/experiments/20_dset_20260427T224546Z/ga/optimize_20260427T233425Z/tables/ga_optimize_20260427T233425Z_phase_summary.csv
  run_summary_csv: data/experiments/20_dset_20260427T224546Z/ga/optimize_20260427T233425Z/tables/ga_optimize_20260427T233425Z_run_summary.csv
  report_md: data/experiments/20_dset_20260427T224546Z/ga/optimize_20260427T233425Z/ga_optimize_20260427T233425Z_report.md

STEP 11/12:
ecm-optimizer validate
  --dataset data/numbers/20_dset_20260427T224546Z
  --opt-result-file data/experiments/20_dset_20260427T224546Z/ga/optimize_20260427T233425Z/ga_optimize_20260427T233425Z.json
  --seed 42
  --max-curves-per-n 150
  --repeats-per-n 5
[validate:ga] numbers=20 max_curves_per_n=150 repeats_per_n=5 workers=56
[validate:ga] optimized 1/20
[validate:ga] optimized 2/20
[validate:ga] optimized 3/20
[validate:ga] optimized 4/20
[validate:ga] optimized 5/20
[validate:ga] optimized 6/20
[validate:ga] optimized 7/20
[validate:ga] optimized 8/20
[validate:ga] optimized 9/20
[validate:ga] optimized 10/20
[validate:ga] optimized 11/20
[validate:ga] optimized 12/20
[validate:ga] optimized 13/20
[validate:ga] optimized 14/20
[validate:ga] optimized 15/20
[validate:ga] optimized 16/20
[validate:ga] optimized 17/20
[validate:ga] optimized 18/20
[validate:ga] optimized 19/20
[validate:ga] optimized 20/20
[validate:ga] baseline 1/20
[validate:ga] baseline 2/20
[validate:ga] baseline 3/20
[validate:ga] baseline 4/20
[validate:ga] baseline 5/20
[validate:ga] baseline 6/20
[validate:ga] baseline 7/20
[validate:ga] baseline 8/20
[validate:ga] baseline 9/20
[validate:ga] baseline 10/20
[validate:ga] baseline 11/20
[validate:ga] baseline 12/20
[validate:ga] baseline 13/20
[validate:ga] baseline 14/20
[validate:ga] baseline 15/20
[validate:ga] baseline 16/20
[validate:ga] baseline 17/20
[validate:ga] baseline 18/20
[validate:ga] baseline 19/20
[validate:ga] baseline 20/20
optimized_mean_score=187131.928935
baseline_mean_score=587841.572159
relative_improvement_pct=68.17
optimized_mean_time_sec=1.928935
baseline_mean_time_sec=1.572159
time_improvement_pct=-22.69
optimized_mean_curves=67.130000
baseline_mean_curves=107.840000
curves_improvement_pct=37.75
optimized_mean_success_rate=0.880000
baseline_mean_success_rate=0.520000
success_rate_delta_pp=36.0000
used_opt_b1=30000
used_opt_b2=415232
used_opt_method=ga
used_base_b1=11000
used_base_b2=220000
result_file: data/experiments/20_dset_20260427T224546Z/ga/optimize_20260427T233425Z/ga_validate_20260428T000530Z.json
report_file: data/experiments/20_dset_20260427T224546Z/ga/optimize_20260427T233425Z/ga_optimize_20260427T233425Z_report.md

STEP 12/12:
ecm-optimizer analyze
  --group-by divisor_size
  --group-by method
  --input data/experiments/20_dset_20260427T224546Z
analyzed_runs: 5
group_by: divisor_size, method
summary_file: data/analysis/analyze_20260428T000556Z/analysis_summary.json
overview_report: data/analysis/analyze_20260428T000556Z/overview/report.md
output_dir: data/analysis/analyze_20260428T000556Z
plan_status: completed
