run_step[8]: /home/ikntcit1/plehanoves/ecm-evolutionary-optimization/.venv/bin/python3 -m ecm_optimizer.cli.main optimize --dataset data/numbers/20_dset_20260504T131739Z_job6996702 --method bo --seed 42 --max-curves-per-n 100 --repeats-per-n 3 --bo-initial-samples 16 --bo-iterations 22 --bo-candidate-pool 2500 --b1-min 100 --b1-max 30000 --b2-min 100 --b2-max 600000 --ratio-max 100
[optimize:bo] numbers=20 max_curves_per_n=100 repeats_per_n=3 initial_samples=16 iterations=22 candidate_pool=2500 workers=56
[optimize:bo] new_best eval=1 b1=334 b2=8651 fitness=867310.8290185531
[optimize:bo] new_best eval=2 b1=13682 b2=304619 fitness=248372.3558462558
[optimize:bo] eval=5 b1=206 b2=20600 fitness=866391.0424939435
[optimize:bo] eval=10 b1=386 b2=9479 fitness=866332.8922169749
[optimize:bo] eval=15 b1=4095 b2=4095 fitness=849571.0536093155
[optimize:bo] initial_design_completed points=16
[optimize:bo] new_best eval=17 b1=13763 b2=380230 fitness=247776.4445314843
[optimize:bo] iteration=1/22 best_fitness=247776.4445314843
[optimize:bo] iteration=2/22 best_fitness=247776.4445314843
[optimize:bo] iteration=3/22 best_fitness=247776.4445314843
[optimize:bo] eval=20 b1=3500 b2=158953 fitness=648930.0729532174
[optimize:bo] iteration=4/22 best_fitness=247776.4445314843
[optimize:bo] new_best eval=21 b1=14539 b2=423869 fitness=231752.67163103292
[optimize:bo] iteration=5/22 best_fitness=231752.67163103292
[optimize:bo] iteration=6/22 best_fitness=231752.67163103292
[optimize:bo] iteration=7/22 best_fitness=231752.67163103292
[optimize:bo] iteration=8/22 best_fitness=231752.67163103292
[optimize:bo] eval=25 b1=13044 b2=486930 fitness=248066.56609310143
[optimize:bo] iteration=9/22 best_fitness=231752.67163103292
[optimize:bo] iteration=10/22 best_fitness=231752.67163103292
[optimize:bo] iteration=11/22 best_fitness=231752.67163103292
[optimize:bo] iteration=12/22 best_fitness=231752.67163103292
[optimize:bo] new_best eval=29 b1=13766 b2=291165 fitness=230874.68540608961
[optimize:bo] iteration=13/22 best_fitness=230874.68540608961
[optimize:bo] eval=30 b1=17573 b2=321819 fitness=250123.23356595504
[optimize:bo] iteration=14/22 best_fitness=230874.68540608961
[optimize:bo] iteration=15/22 best_fitness=230874.68540608961
[optimize:bo] iteration=16/22 best_fitness=230874.68540608961
[optimize:bo] iteration=17/22 best_fitness=230874.68540608961
[optimize:bo] iteration=18/22 best_fitness=230874.68540608961
[optimize:bo] eval=35 b1=15117 b2=328572 fitness=232168.0752186656
[optimize:bo] iteration=19/22 best_fitness=230874.68540608961
[optimize:bo] iteration=20/22 best_fitness=230874.68540608961
[optimize:bo] iteration=21/22 best_fitness=230874.68540608961
[optimize:bo] iteration=22/22 best_fitness=230874.68540608961
best_b1=13766
best_b2=291165
objective=230874.685406
result_file: data/experiments/20_dset_20260504T131739Z_job6996702/bo/optimize_20260504T131751Z_job6996709/bo_optimize_20260504T131751Z_job6996709.json
plot_files:
  jump_plot: data/experiments/20_dset_20260504T131739Z_job6996702/bo/optimize_20260504T131751Z_job6996709/plots/bo_optimize_20260504T131751Z_job6996709_jump_plot.png
  b1_b2_trajectory: data/experiments/20_dset_20260504T131739Z_job6996702/bo/optimize_20260504T131751Z_job6996709/plots/bo_optimize_20260504T131751Z_job6996709_b1_b2_trajectory.png
  progress_by_phase: data/experiments/20_dset_20260504T131739Z_job6996702/bo/optimize_20260504T131751Z_job6996709/plots/bo_optimize_20260504T131751Z_job6996709_progress_by_phase.png
  time_efficiency: data/experiments/20_dset_20260504T131739Z_job6996702/bo/optimize_20260504T131751Z_job6996709/plots/bo_optimize_20260504T131751Z_job6996709_time_efficiency.png
  b1_ratio_heatmap: data/experiments/20_dset_20260504T131739Z_job6996702/bo/optimize_20260504T131751Z_job6996709/plots/bo_optimize_20260504T131751Z_job6996709_b1_ratio_heatmap.png
analysis_files:
  events_csv: data/experiments/20_dset_20260504T131739Z_job6996702/bo/optimize_20260504T131751Z_job6996709/tables/bo_optimize_20260504T131751Z_job6996709_events.csv
  new_best_csv: data/experiments/20_dset_20260504T131739Z_job6996702/bo/optimize_20260504T131751Z_job6996709/tables/bo_optimize_20260504T131751Z_job6996709_new_best.csv
  phase_summary_csv: data/experiments/20_dset_20260504T131739Z_job6996702/bo/optimize_20260504T131751Z_job6996709/tables/bo_optimize_20260504T131751Z_job6996709_phase_summary.csv
  run_summary_csv: data/experiments/20_dset_20260504T131739Z_job6996702/bo/optimize_20260504T131751Z_job6996709/tables/bo_optimize_20260504T131751Z_job6996709_run_summary.csv
  report_md: data/experiments/20_dset_20260504T131739Z_job6996702/bo/optimize_20260504T131751Z_job6996709/bo_optimize_20260504T131751Z_job6996709_report.md
