Loaded Python module: python/3.10_conda
Проверка плана (dry-run validation): full_all_methods_single_run_20d
Оркестратор: full_all_methods_single_run_20d
Controller node(s): 1, tasks: 1, cpu/task: 2
Step resources: partition=tornado, cpus-per-task=28, time=12:00:00
Step scheduler limit: max-active-jobs=25
Step logs: data/slurm_runs/job_6991960/steps, state: data/slurm_runs/job_6991960/state/plan_state.json
STEP 1: sbatch --parsable --partition=tornado --cpus-per-task=28 --kill-on-invalid-dep=yes --time=12:00:00 --job-name=ecm_dataset_20_single --output=data/slurm_runs/job_6991960/steps/dataset_20_single-%j.out --error=data/slurm_runs/job_6991960/steps/dataset_20_single-%j.err  --wrap '/home/ikntcit1/plehanoves/ecm-evolutionary-optimization/.venv/bin/python3 -m ecm_optimizer.cli.main run-plan-slurm-step --plan data/plans/full_all_methods_single_run_20d.json --step-index 1 --state-file data/slurm_runs/job_6991960/state/plan_state.json'
submitted_job_id[dataset_20_single]=6991961
STEP 2 deps=['dataset_20_single']: sbatch --parsable --partition=tornado --cpus-per-task=28 --kill-on-invalid-dep=yes --time=12:00:00 --job-name=ecm_opt_de_single --output=data/slurm_runs/job_6991960/steps/opt_de_single-%j.out --error=data/slurm_runs/job_6991960/steps/opt_de_single-%j.err --dependency=afterok:6991961 --wrap '/home/ikntcit1/plehanoves/ecm-evolutionary-optimization/.venv/bin/python3 -m ecm_optimizer.cli.main run-plan-slurm-step --plan data/plans/full_all_methods_single_run_20d.json --step-index 2 --state-file data/slurm_runs/job_6991960/state/plan_state.json'
submitted_job_id[opt_de_single]=6991962
STEP 3 deps=['dataset_20_single', 'opt_de_single']: sbatch --parsable --partition=tornado --cpus-per-task=28 --kill-on-invalid-dep=yes --time=12:00:00 --job-name=ecm_val_de_single --output=data/slurm_runs/job_6991960/steps/val_de_single-%j.out --error=data/slurm_runs/job_6991960/steps/val_de_single-%j.err --dependency=afterok:6991961:6991962 --wrap '/home/ikntcit1/plehanoves/ecm-evolutionary-optimization/.venv/bin/python3 -m ecm_optimizer.cli.main run-plan-slurm-step --plan data/plans/full_all_methods_single_run_20d.json --step-index 3 --state-file data/slurm_runs/job_6991960/state/plan_state.json'
submitted_job_id[val_de_single]=6991963
STEP 4 deps=['dataset_20_single']: sbatch --parsable --partition=tornado --cpus-per-task=28 --kill-on-invalid-dep=yes --time=12:00:00 --job-name=ecm_opt_rs_single --output=data/slurm_runs/job_6991960/steps/opt_rs_single-%j.out --error=data/slurm_runs/job_6991960/steps/opt_rs_single-%j.err --dependency=afterok:6991961 --wrap '/home/ikntcit1/plehanoves/ecm-evolutionary-optimization/.venv/bin/python3 -m ecm_optimizer.cli.main run-plan-slurm-step --plan data/plans/full_all_methods_single_run_20d.json --step-index 4 --state-file data/slurm_runs/job_6991960/state/plan_state.json'
submitted_job_id[opt_rs_single]=6991964
STEP 5 deps=['dataset_20_single', 'opt_rs_single']: sbatch --parsable --partition=tornado --cpus-per-task=28 --kill-on-invalid-dep=yes --time=12:00:00 --job-name=ecm_val_rs_single --output=data/slurm_runs/job_6991960/steps/val_rs_single-%j.out --error=data/slurm_runs/job_6991960/steps/val_rs_single-%j.err --dependency=afterok:6991961:6991964 --wrap '/home/ikntcit1/plehanoves/ecm-evolutionary-optimization/.venv/bin/python3 -m ecm_optimizer.cli.main run-plan-slurm-step --plan data/plans/full_all_methods_single_run_20d.json --step-index 5 --state-file data/slurm_runs/job_6991960/state/plan_state.json'
submitted_job_id[val_rs_single]=6991965
STEP 6 deps=['dataset_20_single']: sbatch --parsable --partition=tornado --cpus-per-task=28 --kill-on-invalid-dep=yes --time=12:00:00 --job-name=ecm_opt_pso_single --output=data/slurm_runs/job_6991960/steps/opt_pso_single-%j.out --error=data/slurm_runs/job_6991960/steps/opt_pso_single-%j.err --dependency=afterok:6991961 --wrap '/home/ikntcit1/plehanoves/ecm-evolutionary-optimization/.venv/bin/python3 -m ecm_optimizer.cli.main run-plan-slurm-step --plan data/plans/full_all_methods_single_run_20d.json --step-index 6 --state-file data/slurm_runs/job_6991960/state/plan_state.json'
submitted_job_id[opt_pso_single]=6991966
STEP 7 deps=['dataset_20_single', 'opt_pso_single']: sbatch --parsable --partition=tornado --cpus-per-task=28 --kill-on-invalid-dep=yes --time=12:00:00 --job-name=ecm_val_pso_single --output=data/slurm_runs/job_6991960/steps/val_pso_single-%j.out --error=data/slurm_runs/job_6991960/steps/val_pso_single-%j.err --dependency=afterok:6991961:6991966 --wrap '/home/ikntcit1/plehanoves/ecm-evolutionary-optimization/.venv/bin/python3 -m ecm_optimizer.cli.main run-plan-slurm-step --plan data/plans/full_all_methods_single_run_20d.json --step-index 7 --state-file data/slurm_runs/job_6991960/state/plan_state.json'
submitted_job_id[val_pso_single]=6991967
STEP 8 deps=['dataset_20_single']: sbatch --parsable --partition=tornado --cpus-per-task=28 --kill-on-invalid-dep=yes --time=12:00:00 --job-name=ecm_opt_bo_single --output=data/slurm_runs/job_6991960/steps/opt_bo_single-%j.out --error=data/slurm_runs/job_6991960/steps/opt_bo_single-%j.err --dependency=afterok:6991961 --wrap '/home/ikntcit1/plehanoves/ecm-evolutionary-optimization/.venv/bin/python3 -m ecm_optimizer.cli.main run-plan-slurm-step --plan data/plans/full_all_methods_single_run_20d.json --step-index 8 --state-file data/slurm_runs/job_6991960/state/plan_state.json'
submitted_job_id[opt_bo_single]=6991968
STEP 9 deps=['dataset_20_single', 'opt_bo_single']: sbatch --parsable --partition=tornado --cpus-per-task=28 --kill-on-invalid-dep=yes --time=12:00:00 --job-name=ecm_val_bo_single --output=data/slurm_runs/job_6991960/steps/val_bo_single-%j.out --error=data/slurm_runs/job_6991960/steps/val_bo_single-%j.err --dependency=afterok:6991961:6991968 --wrap '/home/ikntcit1/plehanoves/ecm-evolutionary-optimization/.venv/bin/python3 -m ecm_optimizer.cli.main run-plan-slurm-step --plan data/plans/full_all_methods_single_run_20d.json --step-index 9 --state-file data/slurm_runs/job_6991960/state/plan_state.json'
submitted_job_id[val_bo_single]=6991969
STEP 10 deps=['dataset_20_single']: sbatch --parsable --partition=tornado --cpus-per-task=28 --kill-on-invalid-dep=yes --time=12:00:00 --job-name=ecm_opt_ga_single --output=data/slurm_runs/job_6991960/steps/opt_ga_single-%j.out --error=data/slurm_runs/job_6991960/steps/opt_ga_single-%j.err --dependency=afterok:6991961 --wrap '/home/ikntcit1/plehanoves/ecm-evolutionary-optimization/.venv/bin/python3 -m ecm_optimizer.cli.main run-plan-slurm-step --plan data/plans/full_all_methods_single_run_20d.json --step-index 10 --state-file data/slurm_runs/job_6991960/state/plan_state.json'
submitted_job_id[opt_ga_single]=6991970
STEP 11 deps=['dataset_20_single', 'opt_ga_single']: sbatch --parsable --partition=tornado --cpus-per-task=28 --kill-on-invalid-dep=yes --time=12:00:00 --job-name=ecm_val_ga_single --output=data/slurm_runs/job_6991960/steps/val_ga_single-%j.out --error=data/slurm_runs/job_6991960/steps/val_ga_single-%j.err --dependency=afterok:6991961:6991970 --wrap '/home/ikntcit1/plehanoves/ecm-evolutionary-optimization/.venv/bin/python3 -m ecm_optimizer.cli.main run-plan-slurm-step --plan data/plans/full_all_methods_single_run_20d.json --step-index 11 --state-file data/slurm_runs/job_6991960/state/plan_state.json'
submitted_job_id[val_ga_single]=6991971
STEP 12 deps=['dataset_20_single', 'opt_bo_single', 'opt_de_single', 'opt_ga_single', 'opt_pso_single', 'opt_rs_single', 'val_bo_single', 'val_de_single', 'val_ga_single', 'val_pso_single', 'val_rs_single']: sbatch --parsable --partition=tornado --cpus-per-task=28 --kill-on-invalid-dep=yes --time=12:00:00 --job-name=ecm_analysis_single_dataset_all_methods --output=data/slurm_runs/job_6991960/steps/analysis_single_dataset_all_methods-%j.out --error=data/slurm_runs/job_6991960/steps/analysis_single_dataset_all_methods-%j.err --dependency=afterok:6991961:6991962:6991963:6991964:6991965:6991966:6991967:6991968:6991969:6991970:6991971 --wrap '/home/ikntcit1/plehanoves/ecm-evolutionary-optimization/.venv/bin/python3 -m ecm_optimizer.cli.main run-plan-slurm-step --plan data/plans/full_all_methods_single_run_20d.json --step-index 12 --state-file data/slurm_runs/job_6991960/state/plan_state.json'
submitted_job_id[analysis_single_dataset_all_methods]=6991972
