run_step[4]: /home/ikntcit1/plehanoves/ecm-evolutionary-optimization/.venv/bin/python3 -m ecm_optimizer.cli.main optimize --dataset data/numbers/20_dset_20260505T012126Z_job7000540 --method rs --seed 42 --max-curves-per-n 130 --repeats-per-n 4 --rs-budget 80 --b1-min 100 --b1-max 30000 --b2-min 100 --b2-max 600000 --ratio-max 100
[optimize:rs] numbers=40 max_curves_per_n=130 repeats_per_n=4 budget=80 workers=56
[optimize:rs] new_best eval=1 b1=1461 b2=6510 fitness=201890.00632855692
[optimize:rs] step=1/80 new_best b1=1462 b2=6511 fitness=201890.00632855692
[optimize:rs] new_best eval=2 b1=1413 b2=17407 fitness=201442.78288097645
[optimize:rs] step=2/80 new_best b1=1414 b2=17407 fitness=201442.78288097645
[optimize:rs] new_best eval=4 b1=1649 b2=114748 fitness=185687.27256892118
[optimize:rs] step=4/80 new_best b1=1649 b2=114749 fitness=185687.27256892118
[optimize:rs] eval=5 b1=17048 b2=19440 fitness=151167.76388551109
[optimize:rs] new_best eval=5 b1=17048 b2=19440 fitness=151167.76388551109
[optimize:rs] step=5/80 new_best b1=17049 b2=19440 fitness=151167.76388551109
[optimize:rs] new_best eval=9 b1=21489 b2=262633 fitness=68800.2969124123
[optimize:rs] step=9/80 new_best b1=21490 b2=262634 fitness=68800.2969124123
[optimize:rs] eval=10 b1=516 b2=42397 fitness=200160.71835786788
[optimize:rs] eval=15 b1=483 b2=3547 fitness=200176.5320979811
[optimize:rs] new_best eval=17 b1=18697 b2=336629 fitness=48757.9825289447
[optimize:rs] step=17/80 new_best b1=18697 b2=336630 fitness=48757.9825289447
[optimize:rs] eval=20 b1=3365 b2=336500 fitness=149184.92315703537
[optimize:rs] new_best eval=24 b1=25950 b2=417950 fitness=39680.71991469158
[optimize:rs] step=24/80 new_best b1=25951 b2=417950 fitness=39680.71991469158
[optimize:rs] eval=25 b1=967 b2=95433 fitness=195834.1873642533
[optimize:rs] eval=30 b1=11703 b2=16875 fitness=166016.54203937275
[optimize:rs] eval=35 b1=9043 b2=472323 fitness=89390.23602081071
[optimize:rs] eval=40 b1=1847 b2=13733 fitness=194662.26263153847
[optimize:rs] eval=45 b1=22859 b2=279859 fitness=65992.46975007176
[optimize:rs] eval=50 b1=313 b2=31300 fitness=202512.96332906713
[optimize:rs] eval=55 b1=18334 b2=449991 fitness=57740.401036694384
[optimize:rs] new_best eval=58 b1=28532 b2=478711 fitness=35573.64696444014
[optimize:rs] step=58/80 new_best b1=28532 b2=478711 fitness=35573.64696444014
[optimize:rs] eval=60 b1=120 b2=12000 fitness=202684.9104927678
[optimize:rs] eval=65 b1=3728 b2=14101 fitness=185079.16869932087
[optimize:rs] eval=70 b1=5291 b2=390223 fitness=126404.99671610714
[optimize:rs] eval=75 b1=4220 b2=74274 fitness=150611.1858613891
[optimize:rs] eval=80 b1=19109 b2=64258 fitness=111006.58089310367
best_b1=28532
best_b2=478711
objective=35573.646964
result_file: data/experiments/20_dset_20260505T012126Z_job7000540/rs/optimize_20260505T012155Z_job7000543/rs_optimize_20260505T012155Z_job7000543.json
plot_files:
  jump_plot: data/experiments/20_dset_20260505T012126Z_job7000540/rs/optimize_20260505T012155Z_job7000543/plots/rs_optimize_20260505T012155Z_job7000543_jump_plot.png
  b1_b2_trajectory: data/experiments/20_dset_20260505T012126Z_job7000540/rs/optimize_20260505T012155Z_job7000543/plots/rs_optimize_20260505T012155Z_job7000543_b1_b2_trajectory.png
  progress_by_phase: data/experiments/20_dset_20260505T012126Z_job7000540/rs/optimize_20260505T012155Z_job7000543/plots/rs_optimize_20260505T012155Z_job7000543_progress_by_phase.png
  time_efficiency: data/experiments/20_dset_20260505T012126Z_job7000540/rs/optimize_20260505T012155Z_job7000543/plots/rs_optimize_20260505T012155Z_job7000543_time_efficiency.png
  b1_ratio_heatmap: data/experiments/20_dset_20260505T012126Z_job7000540/rs/optimize_20260505T012155Z_job7000543/plots/rs_optimize_20260505T012155Z_job7000543_b1_ratio_heatmap.png
analysis_files:
  events_csv: data/experiments/20_dset_20260505T012126Z_job7000540/rs/optimize_20260505T012155Z_job7000543/tables/rs_optimize_20260505T012155Z_job7000543_events.csv
  new_best_csv: data/experiments/20_dset_20260505T012126Z_job7000540/rs/optimize_20260505T012155Z_job7000543/tables/rs_optimize_20260505T012155Z_job7000543_new_best.csv
  phase_summary_csv: data/experiments/20_dset_20260505T012126Z_job7000540/rs/optimize_20260505T012155Z_job7000543/tables/rs_optimize_20260505T012155Z_job7000543_phase_summary.csv
  run_summary_csv: data/experiments/20_dset_20260505T012126Z_job7000540/rs/optimize_20260505T012155Z_job7000543/tables/rs_optimize_20260505T012155Z_job7000543_run_summary.csv
  report_md: data/experiments/20_dset_20260505T012126Z_job7000540/rs/optimize_20260505T012155Z_job7000543/rs_optimize_20260505T012155Z_job7000543_report.md
