run_step[8]: /home/ikntcit1/plehanoves/ecm-evolutionary-optimization/.venv/bin/python3 -m ecm_optimizer.cli.main optimize --dataset data/numbers/20_dset_20260505T012126Z_job7000540 --method bo --seed 42 --max-curves-per-n 130 --repeats-per-n 4 --bo-initial-samples 16 --bo-iterations 28 --bo-candidate-pool 2500 --b1-min 100 --b1-max 30000 --b2-min 100 --b2-max 600000 --ratio-max 100
[optimize:bo] numbers=40 max_curves_per_n=130 repeats_per_n=4 initial_samples=16 iterations=28 candidate_pool=2500 workers=56
[optimize:bo] new_best eval=1 b1=334 b2=8651 fitness=203440.4309122765
[optimize:bo] new_best eval=2 b1=13682 b2=304619 fitness=62409.66840717635
[optimize:bo] eval=5 b1=206 b2=20600 fitness=203000.44366511065
[optimize:bo] eval=10 b1=386 b2=9479 fitness=203093.87421413703
[optimize:bo] eval=15 b1=4095 b2=4095 fitness=197289.25913954183
[optimize:bo] initial_design_completed points=16
[optimize:bo] iteration=1/28 best_fitness=62409.66840717635
[optimize:bo] iteration=2/28 best_fitness=62409.66840717635
[optimize:bo] iteration=3/28 best_fitness=62409.66840717635
[optimize:bo] eval=20 b1=3500 b2=158953 fitness=163219.91703783438
[optimize:bo] iteration=4/28 best_fitness=62409.66840717635
[optimize:bo] iteration=5/28 best_fitness=62409.66840717635
[optimize:bo] iteration=6/28 best_fitness=62409.66840717635
[optimize:bo] iteration=7/28 best_fitness=62409.66840717635
[optimize:bo] new_best eval=24 b1=17288 b2=322579 fitness=54211.74598730912
[optimize:bo] iteration=8/28 best_fitness=54211.74598730912
[optimize:bo] eval=25 b1=17769 b2=309637 fitness=56799.2394163282
[optimize:bo] iteration=9/28 best_fitness=54211.74598730912
[optimize:bo] iteration=10/28 best_fitness=54211.74598730912
[optimize:bo] iteration=11/28 best_fitness=54211.74598730912
[optimize:bo] iteration=12/28 best_fitness=54211.74598730912
[optimize:bo] iteration=13/28 best_fitness=54211.74598730912
[optimize:bo] eval=30 b1=23487 b2=493724 fitness=44089.80858930299
[optimize:bo] new_best eval=30 b1=23487 b2=493724 fitness=44089.80858930299
[optimize:bo] iteration=14/28 best_fitness=44089.80858930299
[optimize:bo] iteration=15/28 best_fitness=44089.80858930299
[optimize:bo] new_best eval=32 b1=22749 b2=557082 fitness=36651.35818172086
[optimize:bo] iteration=16/28 best_fitness=36651.35818172086
[optimize:bo] iteration=17/28 best_fitness=36651.35818172086
[optimize:bo] iteration=18/28 best_fitness=36651.35818172086
[optimize:bo] eval=35 b1=17029 b2=485674 fitness=63561.81346961064
[optimize:bo] iteration=19/28 best_fitness=36651.35818172086
[optimize:bo] iteration=20/28 best_fitness=36651.35818172086
[optimize:bo] iteration=21/28 best_fitness=36651.35818172086
[optimize:bo] iteration=22/28 best_fitness=36651.35818172086
[optimize:bo] iteration=23/28 best_fitness=36651.35818172086
[optimize:bo] eval=40 b1=21486 b2=564059 fitness=36264.35904724043
[optimize:bo] new_best eval=40 b1=21486 b2=564059 fitness=36264.35904724043
[optimize:bo] iteration=24/28 best_fitness=36264.35904724043
[optimize:bo] iteration=25/28 best_fitness=36264.35904724043
[optimize:bo] iteration=26/28 best_fitness=36264.35904724043
[optimize:bo] new_best eval=43 b1=28945 b2=525796 fitness=28997.16119754434
[optimize:bo] iteration=27/28 best_fitness=28997.16119754434
[optimize:bo] iteration=28/28 best_fitness=28997.16119754434
best_b1=28945
best_b2=525796
objective=28997.161198
result_file: data/experiments/20_dset_20260505T012126Z_job7000540/bo/optimize_20260505T012155Z_job7000547/bo_optimize_20260505T012155Z_job7000547.json
plot_files:
  jump_plot: data/experiments/20_dset_20260505T012126Z_job7000540/bo/optimize_20260505T012155Z_job7000547/plots/bo_optimize_20260505T012155Z_job7000547_jump_plot.png
  b1_b2_trajectory: data/experiments/20_dset_20260505T012126Z_job7000540/bo/optimize_20260505T012155Z_job7000547/plots/bo_optimize_20260505T012155Z_job7000547_b1_b2_trajectory.png
  progress_by_phase: data/experiments/20_dset_20260505T012126Z_job7000540/bo/optimize_20260505T012155Z_job7000547/plots/bo_optimize_20260505T012155Z_job7000547_progress_by_phase.png
  time_efficiency: data/experiments/20_dset_20260505T012126Z_job7000540/bo/optimize_20260505T012155Z_job7000547/plots/bo_optimize_20260505T012155Z_job7000547_time_efficiency.png
  b1_ratio_heatmap: data/experiments/20_dset_20260505T012126Z_job7000540/bo/optimize_20260505T012155Z_job7000547/plots/bo_optimize_20260505T012155Z_job7000547_b1_ratio_heatmap.png
analysis_files:
  events_csv: data/experiments/20_dset_20260505T012126Z_job7000540/bo/optimize_20260505T012155Z_job7000547/tables/bo_optimize_20260505T012155Z_job7000547_events.csv
  new_best_csv: data/experiments/20_dset_20260505T012126Z_job7000540/bo/optimize_20260505T012155Z_job7000547/tables/bo_optimize_20260505T012155Z_job7000547_new_best.csv
  phase_summary_csv: data/experiments/20_dset_20260505T012126Z_job7000540/bo/optimize_20260505T012155Z_job7000547/tables/bo_optimize_20260505T012155Z_job7000547_phase_summary.csv
  run_summary_csv: data/experiments/20_dset_20260505T012126Z_job7000540/bo/optimize_20260505T012155Z_job7000547/tables/bo_optimize_20260505T012155Z_job7000547_run_summary.csv
  report_md: data/experiments/20_dset_20260505T012126Z_job7000540/bo/optimize_20260505T012155Z_job7000547/bo_optimize_20260505T012155Z_job7000547_report.md
