run_step[8]: /home/ikntcit1/plehanoves/ecm-evolutionary-optimization/.venv/bin/python3 -m ecm_optimizer.cli.main optimize --dataset data/numbers/20_dset_20260518T233806Z_job7101768 --method bo --seed 42 --max-curves-per-n 260 --repeats-per-n 8 --bo-initial-samples 16 --bo-iterations 56 --bo-candidate-pool 2500 --b1-min 100 --b1-max 1000000 --b2-min 10000 --b2-max 100000000 --ratio-max 1000
[optimize:bo] numbers=80 max_curves_per_n=260 repeats_per_n=8 initial_samples=16 iterations=56 candidate_pool=2500 workers=56
[optimize:bo] new_best eval=1 b1=702 b2=702000 fitness=222996.81382579717
[optimize:bo] new_best eval=2 b1=281486 b2=48788736 fitness=47560.63163043721
[optimize:bo] new_best eval=3 b1=41720 b2=2639911 fitness=26996.880481863376
[optimize:bo] eval=5 b1=322 b2=322000 fitness=229800.8215343486
[optimize:bo] eval=10 b1=887 b2=887000 fitness=213327.36010227058
[optimize:bo] eval=15 b1=40134 b2=50077 fitness=108038.53628365532
[optimize:bo] initial_design_completed points=16
[optimize:bo] iteration=1/56 best_fitness=26996.880481863376
[optimize:bo] iteration=2/56 best_fitness=26996.880481863376
[optimize:bo] iteration=3/56 best_fitness=26996.880481863376
[optimize:bo] eval=20 b1=198581 b2=1943331 fitness=52594.011566952206
[optimize:bo] iteration=4/56 best_fitness=26996.880481863376
[optimize:bo] iteration=5/56 best_fitness=26996.880481863376
[optimize:bo] iteration=6/56 best_fitness=26996.880481863376
[optimize:bo] iteration=7/56 best_fitness=26996.880481863376
[optimize:bo] iteration=8/56 best_fitness=26996.880481863376
[optimize:bo] eval=25 b1=4770 b2=4770000 fitness=69789.54264858835
[optimize:bo] iteration=9/56 best_fitness=26996.880481863376
[optimize:bo] iteration=10/56 best_fitness=26996.880481863376
[optimize:bo] iteration=11/56 best_fitness=26996.880481863376
[optimize:bo] iteration=12/56 best_fitness=26996.880481863376
[optimize:bo] iteration=13/56 best_fitness=26996.880481863376
[optimize:bo] eval=30 b1=265960 b2=6295850 fitness=46976.92750918722
[optimize:bo] iteration=14/56 best_fitness=26996.880481863376
[optimize:bo] iteration=15/56 best_fitness=26996.880481863376
[optimize:bo] iteration=16/56 best_fitness=26996.880481863376
[optimize:bo] iteration=17/56 best_fitness=26996.880481863376
[optimize:bo] iteration=18/56 best_fitness=26996.880481863376
[optimize:bo] eval=35 b1=472423 b2=11639757 fitness=66302.95788142065
[optimize:bo] iteration=19/56 best_fitness=26996.880481863376
[optimize:bo] iteration=20/56 best_fitness=26996.880481863376
[optimize:bo] iteration=21/56 best_fitness=26996.880481863376
[optimize:bo] iteration=22/56 best_fitness=26996.880481863376
[optimize:bo] iteration=23/56 best_fitness=26996.880481863376
[optimize:bo] eval=40 b1=17528 b2=564526 fitness=29955.517884633096
[optimize:bo] iteration=24/56 best_fitness=26996.880481863376
[optimize:bo] iteration=25/56 best_fitness=26996.880481863376
[optimize:bo] iteration=26/56 best_fitness=26996.880481863376
[optimize:bo] iteration=27/56 best_fitness=26996.880481863376
[optimize:bo] iteration=28/56 best_fitness=26996.880481863376
[optimize:bo] eval=45 b1=9616 b2=2553654 fitness=35802.298044932184
[optimize:bo] iteration=29/56 best_fitness=26996.880481863376
[optimize:bo] iteration=30/56 best_fitness=26996.880481863376
[optimize:bo] iteration=31/56 best_fitness=26996.880481863376
[optimize:bo] iteration=32/56 best_fitness=26996.880481863376
[optimize:bo] iteration=33/56 best_fitness=26996.880481863376
[optimize:bo] eval=50 b1=52736 b2=1547005 fitness=32092.065292639025
[optimize:bo] iteration=34/56 best_fitness=26996.880481863376
[optimize:bo] iteration=35/56 best_fitness=26996.880481863376
[optimize:bo] iteration=36/56 best_fitness=26996.880481863376
[optimize:bo] iteration=37/56 best_fitness=26996.880481863376
[optimize:bo] iteration=38/56 best_fitness=26996.880481863376
[optimize:bo] eval=55 b1=51027 b2=203393 fitness=46826.626395293686
[optimize:bo] iteration=39/56 best_fitness=26996.880481863376
[optimize:bo] iteration=40/56 best_fitness=26996.880481863376
[optimize:bo] iteration=41/56 best_fitness=26996.880481863376
[optimize:bo] iteration=42/56 best_fitness=26996.880481863376
[optimize:bo] iteration=43/56 best_fitness=26996.880481863376
[optimize:bo] eval=60 b1=23051 b2=6689709 fitness=30816.947100360503
[optimize:bo] iteration=44/56 best_fitness=26996.880481863376
[optimize:bo] iteration=45/56 best_fitness=26996.880481863376
[optimize:bo] iteration=46/56 best_fitness=26996.880481863376
[optimize:bo] iteration=47/56 best_fitness=26996.880481863376
[optimize:bo] iteration=48/56 best_fitness=26996.880481863376
[optimize:bo] eval=65 b1=283191 b2=1742872 fitness=67920.56381785353
[optimize:bo] iteration=49/56 best_fitness=26996.880481863376
[optimize:bo] iteration=50/56 best_fitness=26996.880481863376
[optimize:bo] iteration=51/56 best_fitness=26996.880481863376
[optimize:bo] iteration=52/56 best_fitness=26996.880481863376
[optimize:bo] iteration=53/56 best_fitness=26996.880481863376
[optimize:bo] eval=70 b1=6785 b2=211260 fitness=107411.62024854592
[optimize:bo] iteration=54/56 best_fitness=26996.880481863376
[optimize:bo] iteration=55/56 best_fitness=26996.880481863376
[optimize:bo] iteration=56/56 best_fitness=26996.880481863376
best_b1=41720
best_b2=2639911
objective=26996.880482
result_file: data/experiments/20_dset_20260518T233806Z_job7101768/bo/optimize_20260518T233821Z_job7101775/bo_optimize_20260518T233821Z_job7101775.json
plot_files:
  jump_plot: data/experiments/20_dset_20260518T233806Z_job7101768/bo/optimize_20260518T233821Z_job7101775/plots/bo_optimize_20260518T233821Z_job7101775_jump_plot.png
  b1_b2_trajectory: data/experiments/20_dset_20260518T233806Z_job7101768/bo/optimize_20260518T233821Z_job7101775/plots/bo_optimize_20260518T233821Z_job7101775_b1_b2_trajectory.png
  progress_by_phase: data/experiments/20_dset_20260518T233806Z_job7101768/bo/optimize_20260518T233821Z_job7101775/plots/bo_optimize_20260518T233821Z_job7101775_progress_by_phase.png
  time_efficiency: data/experiments/20_dset_20260518T233806Z_job7101768/bo/optimize_20260518T233821Z_job7101775/plots/bo_optimize_20260518T233821Z_job7101775_time_efficiency.png
  b1_ratio_heatmap: data/experiments/20_dset_20260518T233806Z_job7101768/bo/optimize_20260518T233821Z_job7101775/plots/bo_optimize_20260518T233821Z_job7101775_b1_ratio_heatmap.png
analysis_files:
  events_csv: data/experiments/20_dset_20260518T233806Z_job7101768/bo/optimize_20260518T233821Z_job7101775/tables/bo_optimize_20260518T233821Z_job7101775_events.csv
  new_best_csv: data/experiments/20_dset_20260518T233806Z_job7101768/bo/optimize_20260518T233821Z_job7101775/tables/bo_optimize_20260518T233821Z_job7101775_new_best.csv
  phase_summary_csv: data/experiments/20_dset_20260518T233806Z_job7101768/bo/optimize_20260518T233821Z_job7101775/tables/bo_optimize_20260518T233821Z_job7101775_phase_summary.csv
  run_summary_csv: data/experiments/20_dset_20260518T233806Z_job7101768/bo/optimize_20260518T233821Z_job7101775/tables/bo_optimize_20260518T233821Z_job7101775_run_summary.csv
  report_md: data/experiments/20_dset_20260518T233806Z_job7101768/bo/optimize_20260518T233821Z_job7101775/bo_optimize_20260518T233821Z_job7101775_report.md
