run_step[4]: /home/ikntcit1/plehanoves/ecm-evolutionary-optimization/.venv/bin/python3 -m ecm_optimizer.cli.main optimize --dataset data/numbers/20_dset_20260505T214657Z_job7012254 --method rs --seed 42 --max-curves-per-n 260 --repeats-per-n 8 --rs-budget 160 --b1-min 500 --b1-max 50000 --b2-min 5000 --b2-max 3000000 --ratio-max 1000
[optimize:rs] numbers=80 max_curves_per_n=260 repeats_per_n=8 budget=160 workers=56
[optimize:rs] new_best eval=1 b1=4359 b2=24470 fitness=180740.47703782195
[optimize:rs] step=1/160 new_best b1=4360 b2=24470 fitness=180740.47703782195
[optimize:rs] new_best eval=2 b1=4245 b2=71067 fitness=159707.5327948553
[optimize:rs] step=2/160 new_best b1=4245 b2=71068 fitness=159707.5327948553
[optimize:rs] new_best eval=4 b1=4807 b2=498637 fitness=104928.88429280405
[optimize:rs] step=4/160 new_best b1=4807 b2=498638 fitness=104928.88429280405
[optimize:rs] eval=5 b1=31682 b2=37470 fitness=117462.05349519884
[optimize:rs] new_best eval=9 b1=38193 b2=1015899 fitness=28959.564504442307
[optimize:rs] step=9/160 new_best b1=38194 b2=1015900 fitness=28959.564504442307
[optimize:rs] eval=10 b1=1882 b2=271756 fitness=181705.39713072265
[optimize:rs] eval=15 b1=1784 b2=29958 fitness=213818.55881622803
[optimize:rs] new_best eval=17 b1=34132 b2=1423028 fitness=28682.700918558403
[optimize:rs] step=17/160 new_best b1=34133 b2=1423029 fitness=28682.700918558403
[optimize:rs] eval=20 b1=8547 b2=2328304 fitness=36542.29738146234
[optimize:rs] new_best eval=24 b1=44477 b2=1847417 fitness=27453.739945252193
[optimize:rs] step=24/160 new_best b1=44477 b2=1847417 fitness=27453.739945252193
[optimize:rs] eval=25 b1=3128 b2=481630 fitness=132207.55913008502
[optimize:rs] eval=30 b1=23385 b2=36718 fitness=115127.79836049798
[optimize:rs] eval=35 b1=18988 b2=2247596 fitness=28443.744176001175
[optimize:rs] eval=40 b1=5267 b2=47577 fitness=151871.63704039165
[optimize:rs] eval=45 b1=40148 b2=1096116 fitness=31104.26945173339
[optimize:rs] eval=50 b1=1262 b2=486614 fitness=202390.9023585424
[optimize:rs] eval=55 b1=33598 b2=2071180 fitness=27380.56234665235
[optimize:rs] new_best eval=55 b1=33598 b2=2071180 fitness=27380.56234665235
[optimize:rs] step=55/160 new_best b1=33598 b2=2071180 fitness=27380.56234665235
[optimize:rs] eval=60 b1=586 b2=585999 fitness=223175.81091503814
[optimize:rs] eval=65 b1=9284 b2=42157 fitness=120624.51235492787
[optimize:rs] eval=70 b1=12321 b2=1820105 fitness=31861.98066322422
[optimize:rs] eval=75 b1=10263 b2=274091 fitness=56751.62558936478
[optimize:rs] eval=80 b1=34740 b2=166767 fitness=43458.62142399616
[optimize:rs] eval=85 b1=12163 b2=14553 fitness=165951.2515903738
[optimize:rs] eval=90 b1=42120 b2=69113 fitness=74435.25935332949
[optimize:rs] eval=95 b1=1581 b2=470758 fitness=185729.68136030875
[optimize:rs] eval=100 b1=26544 b2=1463446 fitness=28551.64111299877
[optimize:rs] eval=105 b1=19336 b2=107667 fitness=62368.33452423595
[optimize:rs] eval=110 b1=12323 b2=2112781 fitness=33023.932469530686
[optimize:rs] eval=115 b1=2534 b2=5051 fitness=215459.75370400952
[optimize:rs] eval=120 b1=24856 b2=269248 fitness=34186.679140208944
[optimize:rs] eval=125 b1=42897 b2=100242 fitness=63581.6711159144
[optimize:rs] eval=130 b1=4396 b2=96282 fitness=142925.20620908687
[optimize:rs] eval=135 b1=774 b2=46948 fitness=226816.16797807056
[optimize:rs] eval=140 b1=3099 b2=22212 fitness=192131.96869959874
[optimize:rs] eval=145 b1=795 b2=153328 fitness=222515.52171129244
[optimize:rs] eval=150 b1=14059 b2=58679 fitness=97706.49379849865
[optimize:rs] new_best eval=151 b1=26900 b2=2959183 fitness=27101.294748140062
[optimize:rs] step=151/160 new_best b1=26901 b2=2959183 fitness=27101.294748140062
[optimize:rs] eval=155 b1=6979 b2=14925 fitness=176660.53836094346
[optimize:rs] eval=160 b1=14290 b2=392803 fitness=36925.88852602488
best_b1=26901
best_b2=2959183
objective=27101.294748
result_file: data/experiments/20_dset_20260505T214657Z_job7012254/rs/optimize_20260505T214714Z_job7012257/rs_optimize_20260505T214714Z_job7012257.json
plot_files:
  jump_plot: data/experiments/20_dset_20260505T214657Z_job7012254/rs/optimize_20260505T214714Z_job7012257/plots/rs_optimize_20260505T214714Z_job7012257_jump_plot.png
  b1_b2_trajectory: data/experiments/20_dset_20260505T214657Z_job7012254/rs/optimize_20260505T214714Z_job7012257/plots/rs_optimize_20260505T214714Z_job7012257_b1_b2_trajectory.png
  progress_by_phase: data/experiments/20_dset_20260505T214657Z_job7012254/rs/optimize_20260505T214714Z_job7012257/plots/rs_optimize_20260505T214714Z_job7012257_progress_by_phase.png
  time_efficiency: data/experiments/20_dset_20260505T214657Z_job7012254/rs/optimize_20260505T214714Z_job7012257/plots/rs_optimize_20260505T214714Z_job7012257_time_efficiency.png
  b1_ratio_heatmap: data/experiments/20_dset_20260505T214657Z_job7012254/rs/optimize_20260505T214714Z_job7012257/plots/rs_optimize_20260505T214714Z_job7012257_b1_ratio_heatmap.png
analysis_files:
  events_csv: data/experiments/20_dset_20260505T214657Z_job7012254/rs/optimize_20260505T214714Z_job7012257/tables/rs_optimize_20260505T214714Z_job7012257_events.csv
  new_best_csv: data/experiments/20_dset_20260505T214657Z_job7012254/rs/optimize_20260505T214714Z_job7012257/tables/rs_optimize_20260505T214714Z_job7012257_new_best.csv
  phase_summary_csv: data/experiments/20_dset_20260505T214657Z_job7012254/rs/optimize_20260505T214714Z_job7012257/tables/rs_optimize_20260505T214714Z_job7012257_phase_summary.csv
  run_summary_csv: data/experiments/20_dset_20260505T214657Z_job7012254/rs/optimize_20260505T214714Z_job7012257/tables/rs_optimize_20260505T214714Z_job7012257_run_summary.csv
  report_md: data/experiments/20_dset_20260505T214657Z_job7012254/rs/optimize_20260505T214714Z_job7012257/rs_optimize_20260505T214714Z_job7012257_report.md
