run_step[8]: /home/ikntcit1/plehanoves/ecm-evolutionary-optimization/.venv/bin/python3 -m ecm_optimizer.cli.main optimize --dataset data/numbers/20_dset_20260503T223444Z_job6993842 --method bo --seed 42 --max-curves-per-n 100 --repeats-per-n 3 --bo-initial-samples 16 --bo-iterations 22 --bo-candidate-pool 2500 --b1-min 100 --b1-max 30000 --b2-min 100 --b2-max 600000 --ratio-max 100
[optimize:bo] numbers=20 max_curves_per_n=100 repeats_per_n=3 initial_samples=16 iterations=22 candidate_pool=2500 workers=56
[optimize:bo] new_best eval=1 b1=334 b2=8651 fitness=191994.30750125126
[optimize:bo] new_best eval=2 b1=13682 b2=304619 fitness=85284.5495813084
[optimize:bo] eval=5 b1=206 b2=20600 fitness=191041.6829538784
[optimize:bo] eval=10 b1=386 b2=9479 fitness=191092.90879153318
[optimize:bo] eval=15 b1=4095 b2=4095 fitness=187610.1377775353
[optimize:bo] initial_design_completed points=16
[optimize:bo] new_best eval=17 b1=13763 b2=380230 fitness=69096.62147150277
[optimize:bo] iteration=1/22 best_fitness=69096.62147150277
[optimize:bo] iteration=2/22 best_fitness=69096.62147150277
[optimize:bo] iteration=3/22 best_fitness=69096.62147150277
[optimize:bo] eval=20 b1=20633 b2=586042 fitness=54821.92961161181
[optimize:bo] new_best eval=20 b1=20633 b2=586042 fitness=54821.92961161181
[optimize:bo] iteration=4/22 best_fitness=54821.92961161181
[optimize:bo] iteration=5/22 best_fitness=54821.92961161181
[optimize:bo] iteration=6/22 best_fitness=54821.92961161181
[optimize:bo] iteration=7/22 best_fitness=54821.92961161181
[optimize:bo] new_best eval=24 b1=20805 b2=577277 fitness=41409.38241678756
[optimize:bo] iteration=8/22 best_fitness=41409.38241678756
[optimize:bo] eval=25 b1=20791 b2=551112 fitness=63665.88965498183
[optimize:bo] iteration=9/22 best_fitness=41409.38241678756
[optimize:bo] iteration=10/22 best_fitness=41409.38241678756
[optimize:bo] iteration=11/22 best_fitness=41409.38241678756
[optimize:bo] iteration=12/22 best_fitness=41409.38241678756
[optimize:bo] iteration=13/22 best_fitness=41409.38241678756
[optimize:bo] eval=30 b1=19937 b2=590067 fitness=64287.867092635715
[optimize:bo] iteration=14/22 best_fitness=41409.38241678756
[optimize:bo] iteration=15/22 best_fitness=41409.38241678756
[optimize:bo] iteration=16/22 best_fitness=41409.38241678756
[optimize:bo] iteration=17/22 best_fitness=41409.38241678756
[optimize:bo] new_best eval=34 b1=18980 b2=568941 fitness=38616.89392662628
[optimize:bo] iteration=18/22 best_fitness=38616.89392662628
[optimize:bo] eval=35 b1=16457 b2=478089 fitness=70372.34163481316
[optimize:bo] iteration=19/22 best_fitness=38616.89392662628
[optimize:bo] iteration=20/22 best_fitness=38616.89392662628
[optimize:bo] iteration=21/22 best_fitness=38616.89392662628
[optimize:bo] iteration=22/22 best_fitness=38616.89392662628
best_b1=18980
best_b2=568941
objective=38616.893927
result_file: data/experiments/20_dset_20260503T223444Z_job6993842/bo/optimize_20260503T223815Z_job6993849/bo_optimize_20260503T223815Z_job6993849.json
plot_files:
  jump_plot: data/experiments/20_dset_20260503T223444Z_job6993842/bo/optimize_20260503T223815Z_job6993849/plots/bo_optimize_20260503T223815Z_job6993849_jump_plot.png
  b1_b2_trajectory: data/experiments/20_dset_20260503T223444Z_job6993842/bo/optimize_20260503T223815Z_job6993849/plots/bo_optimize_20260503T223815Z_job6993849_b1_b2_trajectory.png
  progress_by_phase: data/experiments/20_dset_20260503T223444Z_job6993842/bo/optimize_20260503T223815Z_job6993849/plots/bo_optimize_20260503T223815Z_job6993849_progress_by_phase.png
  time_efficiency: data/experiments/20_dset_20260503T223444Z_job6993842/bo/optimize_20260503T223815Z_job6993849/plots/bo_optimize_20260503T223815Z_job6993849_time_efficiency.png
  b1_ratio_heatmap: data/experiments/20_dset_20260503T223444Z_job6993842/bo/optimize_20260503T223815Z_job6993849/plots/bo_optimize_20260503T223815Z_job6993849_b1_ratio_heatmap.png
analysis_files:
  events_csv: data/experiments/20_dset_20260503T223444Z_job6993842/bo/optimize_20260503T223815Z_job6993849/tables/bo_optimize_20260503T223815Z_job6993849_events.csv
  new_best_csv: data/experiments/20_dset_20260503T223444Z_job6993842/bo/optimize_20260503T223815Z_job6993849/tables/bo_optimize_20260503T223815Z_job6993849_new_best.csv
  phase_summary_csv: data/experiments/20_dset_20260503T223444Z_job6993842/bo/optimize_20260503T223815Z_job6993849/tables/bo_optimize_20260503T223815Z_job6993849_phase_summary.csv
  run_summary_csv: data/experiments/20_dset_20260503T223444Z_job6993842/bo/optimize_20260503T223815Z_job6993849/tables/bo_optimize_20260503T223815Z_job6993849_run_summary.csv
  report_md: data/experiments/20_dset_20260503T223444Z_job6993842/bo/optimize_20260503T223815Z_job6993849/bo_optimize_20260503T223815Z_job6993849_report.md
