run_step[4]: /home/ikntcit1/plehanoves/ecm-evolutionary-optimization/.venv/bin/python3 -m ecm_optimizer.cli.main optimize --dataset data/numbers/20_dset_20260503T223444Z_job6993842 --method rs --seed 42 --max-curves-per-n 100 --repeats-per-n 3 --rs-budget 60 --b1-min 100 --b1-max 30000 --b2-min 100 --b2-max 600000 --ratio-max 100
[optimize:rs] numbers=20 max_curves_per_n=100 repeats_per_n=3 budget=60 workers=56
[optimize:rs] new_best eval=1 b1=1461 b2=6510 fitness=191846.72668793064
[optimize:rs] step=1/60 new_best b1=1462 b2=6511 fitness=191846.72668793064
[optimize:rs] new_best eval=2 b1=1413 b2=17407 fitness=183637.8506101177
[optimize:rs] step=2/60 new_best b1=1414 b2=17407 fitness=183637.8506101177
[optimize:rs] new_best eval=4 b1=1649 b2=114748 fitness=170277.58930256203
[optimize:rs] step=4/60 new_best b1=1649 b2=114749 fitness=170277.58930256203
[optimize:rs] eval=5 b1=17048 b2=19440 fitness=168667.8219074135
[optimize:rs] new_best eval=5 b1=17048 b2=19440 fitness=168667.8219074135
[optimize:rs] step=5/60 new_best b1=17049 b2=19440 fitness=168667.8219074135
[optimize:rs] new_best eval=9 b1=21489 b2=262633 fitness=102409.17598260743
[optimize:rs] step=9/60 new_best b1=21490 b2=262634 fitness=102409.17598260743
[optimize:rs] eval=10 b1=516 b2=42397 fitness=186868.56366572532
[optimize:rs] eval=15 b1=483 b2=3547 fitness=190515.68166489596
[optimize:rs] new_best eval=17 b1=18697 b2=336629 fitness=81136.9958298997
[optimize:rs] step=17/60 new_best b1=18697 b2=336630 fitness=81136.9958298997
[optimize:rs] eval=20 b1=3365 b2=336500 fitness=148944.634624999
[optimize:rs] new_best eval=24 b1=25950 b2=417950 fitness=47912.58813445574
[optimize:rs] step=24/60 new_best b1=25951 b2=417950 fitness=47912.58813445574
[optimize:rs] eval=25 b1=967 b2=95433 fitness=180191.5417676225
[optimize:rs] eval=30 b1=11703 b2=16875 fitness=165894.14673744742
[optimize:rs] eval=35 b1=9043 b2=472323 fitness=93409.07292529107
[optimize:rs] eval=40 b1=1847 b2=13733 fitness=187395.65678318575
[optimize:rs] eval=45 b1=22859 b2=279859 fitness=77156.22635296836
[optimize:rs] eval=50 b1=313 b2=31300 fitness=191085.45086035642
[optimize:rs] eval=55 b1=18334 b2=449991 fitness=81054.07482633658
[optimize:rs] new_best eval=58 b1=28532 b2=478711 fitness=25882.05622706543
[optimize:rs] step=58/60 new_best b1=28532 b2=478711 fitness=25882.05622706543
[optimize:rs] eval=60 b1=120 b2=12000 fitness=191098.7369605573
best_b1=28532
best_b2=478711
objective=25882.056227
result_file: data/experiments/20_dset_20260503T223444Z_job6993842/rs/optimize_20260503T223515Z_job6993845/rs_optimize_20260503T223515Z_job6993845.json
plot_files:
  jump_plot: data/experiments/20_dset_20260503T223444Z_job6993842/rs/optimize_20260503T223515Z_job6993845/plots/rs_optimize_20260503T223515Z_job6993845_jump_plot.png
  b1_b2_trajectory: data/experiments/20_dset_20260503T223444Z_job6993842/rs/optimize_20260503T223515Z_job6993845/plots/rs_optimize_20260503T223515Z_job6993845_b1_b2_trajectory.png
  progress_by_phase: data/experiments/20_dset_20260503T223444Z_job6993842/rs/optimize_20260503T223515Z_job6993845/plots/rs_optimize_20260503T223515Z_job6993845_progress_by_phase.png
  time_efficiency: data/experiments/20_dset_20260503T223444Z_job6993842/rs/optimize_20260503T223515Z_job6993845/plots/rs_optimize_20260503T223515Z_job6993845_time_efficiency.png
  b1_ratio_heatmap: data/experiments/20_dset_20260503T223444Z_job6993842/rs/optimize_20260503T223515Z_job6993845/plots/rs_optimize_20260503T223515Z_job6993845_b1_ratio_heatmap.png
analysis_files:
  events_csv: data/experiments/20_dset_20260503T223444Z_job6993842/rs/optimize_20260503T223515Z_job6993845/tables/rs_optimize_20260503T223515Z_job6993845_events.csv
  new_best_csv: data/experiments/20_dset_20260503T223444Z_job6993842/rs/optimize_20260503T223515Z_job6993845/tables/rs_optimize_20260503T223515Z_job6993845_new_best.csv
  phase_summary_csv: data/experiments/20_dset_20260503T223444Z_job6993842/rs/optimize_20260503T223515Z_job6993845/tables/rs_optimize_20260503T223515Z_job6993845_phase_summary.csv
  run_summary_csv: data/experiments/20_dset_20260503T223444Z_job6993842/rs/optimize_20260503T223515Z_job6993845/tables/rs_optimize_20260503T223515Z_job6993845_run_summary.csv
  report_md: data/experiments/20_dset_20260503T223444Z_job6993842/rs/optimize_20260503T223515Z_job6993845/rs_optimize_20260503T223515Z_job6993845_report.md
