run_step[8]: /home/ikntcit1/plehanoves/ecm-evolutionary-optimization/.venv/bin/python3 -m ecm_optimizer.cli.main optimize --dataset data/numbers/20_dset_20260503T101749Z_job6993099 --method bo --seed 42 --max-curves-per-n 100 --repeats-per-n 3 --bo-initial-samples 16 --bo-iterations 22 --bo-candidate-pool 2500 --b1-min 100 --b1-max 30000 --b2-min 100 --b2-max 600000 --ratio-max 100
[optimize:bo] numbers=20 max_curves_per_n=100 repeats_per_n=3 initial_samples=16 iterations=22 candidate_pool=2500 workers=56
[optimize:bo] new_best eval=1 b1=334 b2=8651 fitness=901758.5393848658
[optimize:bo] new_best eval=2 b1=13682 b2=304619 fitness=468537.16541916673
[optimize:bo] eval=5 b1=206 b2=20600 fitness=901599.5496561172
[optimize:bo] eval=10 b1=386 b2=9479 fitness=901596.6249965827
[optimize:bo] eval=15 b1=4095 b2=4095 fitness=901607.9776616831
[optimize:bo] initial_design_completed points=16
[optimize:bo] new_best eval=17 b1=13763 b2=380230 fitness=385011.1518247674
[optimize:bo] iteration=1/22 best_fitness=385011.1518247674
[optimize:bo] new_best eval=18 b1=13776 b2=536582 fitness=318243.19222606753
[optimize:bo] iteration=2/22 best_fitness=318243.19222606753
[optimize:bo] new_best eval=19 b1=12329 b2=584142 fitness=184733.45676290043
[optimize:bo] iteration=3/22 best_fitness=184733.45676290043
[optimize:bo] eval=20 b1=8168 b2=593448 fitness=485038.5898924338
[optimize:bo] iteration=4/22 best_fitness=184733.45676290043
[optimize:bo] iteration=5/22 best_fitness=184733.45676290043
[optimize:bo] iteration=6/22 best_fitness=184733.45676290043
[optimize:bo] iteration=7/22 best_fitness=184733.45676290043
[optimize:bo] iteration=8/22 best_fitness=184733.45676290043
[optimize:bo] eval=25 b1=10003 b2=470407 fitness=451727.6764723168
[optimize:bo] iteration=9/22 best_fitness=184733.45676290043
[optimize:bo] iteration=10/22 best_fitness=184733.45676290043
[optimize:bo] iteration=11/22 best_fitness=184733.45676290043
[optimize:bo] iteration=12/22 best_fitness=184733.45676290043
[optimize:bo] iteration=13/22 best_fitness=184733.45676290043
[optimize:bo] eval=30 b1=12170 b2=513225 fitness=435071.8913683491
[optimize:bo] iteration=14/22 best_fitness=184733.45676290043
[optimize:bo] iteration=15/22 best_fitness=184733.45676290043
[optimize:bo] new_best eval=32 b1=22749 b2=557082 fitness=84928.0066429838
[optimize:bo] iteration=16/22 best_fitness=84928.0066429838
[optimize:bo] iteration=17/22 best_fitness=84928.0066429838
[optimize:bo] new_best eval=34 b1=27899 b2=570211 fitness=84837.79996068416
[optimize:bo] iteration=18/22 best_fitness=84837.79996068416
[optimize:bo] eval=35 b1=28483 b2=349222 fitness=168418.0330338166
[optimize:bo] iteration=19/22 best_fitness=84837.79996068416
[optimize:bo] iteration=20/22 best_fitness=84837.79996068416
[optimize:bo] iteration=21/22 best_fitness=84837.79996068416
[optimize:bo] iteration=22/22 best_fitness=84837.79996068416
best_b1=27899
best_b2=570211
objective=84837.799961
result_file: data/experiments/20_dset_20260503T101749Z_job6993099/bo/optimize_20260503T102059Z_job6993106/bo_optimize_20260503T102059Z_job6993106.json
plot_files:
  jump_plot: data/experiments/20_dset_20260503T101749Z_job6993099/bo/optimize_20260503T102059Z_job6993106/plots/bo_optimize_20260503T102059Z_job6993106_jump_plot.png
  b1_b2_trajectory: data/experiments/20_dset_20260503T101749Z_job6993099/bo/optimize_20260503T102059Z_job6993106/plots/bo_optimize_20260503T102059Z_job6993106_b1_b2_trajectory.png
  progress_by_phase: data/experiments/20_dset_20260503T101749Z_job6993099/bo/optimize_20260503T102059Z_job6993106/plots/bo_optimize_20260503T102059Z_job6993106_progress_by_phase.png
  time_efficiency: data/experiments/20_dset_20260503T101749Z_job6993099/bo/optimize_20260503T102059Z_job6993106/plots/bo_optimize_20260503T102059Z_job6993106_time_efficiency.png
  b1_ratio_heatmap: data/experiments/20_dset_20260503T101749Z_job6993099/bo/optimize_20260503T102059Z_job6993106/plots/bo_optimize_20260503T102059Z_job6993106_b1_ratio_heatmap.png
analysis_files:
  events_csv: data/experiments/20_dset_20260503T101749Z_job6993099/bo/optimize_20260503T102059Z_job6993106/tables/bo_optimize_20260503T102059Z_job6993106_events.csv
  new_best_csv: data/experiments/20_dset_20260503T101749Z_job6993099/bo/optimize_20260503T102059Z_job6993106/tables/bo_optimize_20260503T102059Z_job6993106_new_best.csv
  phase_summary_csv: data/experiments/20_dset_20260503T101749Z_job6993099/bo/optimize_20260503T102059Z_job6993106/tables/bo_optimize_20260503T102059Z_job6993106_phase_summary.csv
  run_summary_csv: data/experiments/20_dset_20260503T101749Z_job6993099/bo/optimize_20260503T102059Z_job6993106/tables/bo_optimize_20260503T102059Z_job6993106_run_summary.csv
  report_md: data/experiments/20_dset_20260503T101749Z_job6993099/bo/optimize_20260503T102059Z_job6993106/bo_optimize_20260503T102059Z_job6993106_report.md
