run_step[4]: /home/ikntcit1/plehanoves/ecm-evolutionary-optimization/.venv/bin/python3 -m ecm_optimizer.cli.main optimize --dataset data/numbers/20_dset_20260503T101749Z_job6993099 --method rs --seed 42 --max-curves-per-n 100 --repeats-per-n 3 --rs-budget 60 --b1-min 100 --b1-max 30000 --b2-min 100 --b2-max 600000 --ratio-max 100
[optimize:rs] numbers=20 max_curves_per_n=100 repeats_per_n=3 budget=60 workers=56
[optimize:rs] new_best eval=1 b1=1461 b2=6510 fitness=885011.2362249119
[optimize:rs] step=1/60 new_best b1=1462 b2=6511 fitness=885011.2362249119
[optimize:rs] new_best eval=2 b1=1413 b2=17407 fitness=851567.1489526922
[optimize:rs] step=2/60 new_best b1=1414 b2=17407 fitness=851567.1489526922
[optimize:rs] new_best eval=4 b1=1649 b2=114748 fitness=834887.8609082821
[optimize:rs] step=4/60 new_best b1=1649 b2=114749 fitness=834887.8609082821
[optimize:rs] eval=5 b1=17048 b2=19440 fitness=718616.0314313397
[optimize:rs] new_best eval=5 b1=17048 b2=19440 fitness=718616.0314313397
[optimize:rs] step=5/60 new_best b1=17049 b2=19440 fitness=718616.0314313397
[optimize:rs] new_best eval=9 b1=21489 b2=262633 fitness=268254.20391707425
[optimize:rs] step=9/60 new_best b1=21490 b2=262634 fitness=268254.20391707425
[optimize:rs] eval=10 b1=516 b2=42397 fitness=901607.1419637525
[optimize:rs] eval=15 b1=483 b2=3547 fitness=901601.7183820164
[optimize:rs] eval=20 b1=3365 b2=336500 fitness=801769.4521950319
[optimize:rs] new_best eval=24 b1=25950 b2=417950 fitness=201823.78671519342
[optimize:rs] step=24/60 new_best b1=25951 b2=417950 fitness=201823.78671519342
[optimize:rs] eval=25 b1=967 b2=95433 fitness=851560.8705716936
[optimize:rs] eval=30 b1=11703 b2=16875 fitness=651660.6126246232
[optimize:rs] eval=35 b1=9043 b2=472323 fitness=401512.60015581286
[optimize:rs] eval=40 b1=1847 b2=13733 fitness=884938.0543901062
[optimize:rs] eval=45 b1=22859 b2=279859 fitness=318486.8690604948
[optimize:rs] eval=50 b1=313 b2=31300 fitness=901613.4957668401
[optimize:rs] eval=55 b1=18334 b2=449991 fitness=351837.1018456097
[optimize:rs] new_best eval=58 b1=28532 b2=478711 fitness=184890.65953580625
[optimize:rs] step=58/60 new_best b1=28532 b2=478711 fitness=184890.65953580625
[optimize:rs] eval=60 b1=120 b2=12000 fitness=901567.1348191032
best_b1=28532
best_b2=478711
objective=184890.659536
result_file: data/experiments/20_dset_20260503T101749Z_job6993099/rs/optimize_20260503T101758Z_job6993102/rs_optimize_20260503T101758Z_job6993102.json
plot_files:
  jump_plot: data/experiments/20_dset_20260503T101749Z_job6993099/rs/optimize_20260503T101758Z_job6993102/plots/rs_optimize_20260503T101758Z_job6993102_jump_plot.png
  b1_b2_trajectory: data/experiments/20_dset_20260503T101749Z_job6993099/rs/optimize_20260503T101758Z_job6993102/plots/rs_optimize_20260503T101758Z_job6993102_b1_b2_trajectory.png
  progress_by_phase: data/experiments/20_dset_20260503T101749Z_job6993099/rs/optimize_20260503T101758Z_job6993102/plots/rs_optimize_20260503T101758Z_job6993102_progress_by_phase.png
  time_efficiency: data/experiments/20_dset_20260503T101749Z_job6993099/rs/optimize_20260503T101758Z_job6993102/plots/rs_optimize_20260503T101758Z_job6993102_time_efficiency.png
  b1_ratio_heatmap: data/experiments/20_dset_20260503T101749Z_job6993099/rs/optimize_20260503T101758Z_job6993102/plots/rs_optimize_20260503T101758Z_job6993102_b1_ratio_heatmap.png
analysis_files:
  events_csv: data/experiments/20_dset_20260503T101749Z_job6993099/rs/optimize_20260503T101758Z_job6993102/tables/rs_optimize_20260503T101758Z_job6993102_events.csv
  new_best_csv: data/experiments/20_dset_20260503T101749Z_job6993099/rs/optimize_20260503T101758Z_job6993102/tables/rs_optimize_20260503T101758Z_job6993102_new_best.csv
  phase_summary_csv: data/experiments/20_dset_20260503T101749Z_job6993099/rs/optimize_20260503T101758Z_job6993102/tables/rs_optimize_20260503T101758Z_job6993102_phase_summary.csv
  run_summary_csv: data/experiments/20_dset_20260503T101749Z_job6993099/rs/optimize_20260503T101758Z_job6993102/tables/rs_optimize_20260503T101758Z_job6993102_run_summary.csv
  report_md: data/experiments/20_dset_20260503T101749Z_job6993099/rs/optimize_20260503T101758Z_job6993102/rs_optimize_20260503T101758Z_job6993102_report.md
