run_step[2]: /home/ikntcit1/plehanoves/ecm-evolutionary-optimization/.venv/bin/python3 -m ecm_optimizer.cli.main optimize --dataset data/numbers/20_dset_20260430T220555Z_job6992343 --method de --seed 42 --max-curves-per-n 100 --repeats-per-n 3 --de-popsize 10 --de-maxiter 10 --b1-min 100 --b1-max 30000 --b2-min 100 --b2-max 600000 --ratio-max 100
[optimize:de] numbers=20 max_curves_per_n=100 repeats_per_n=3 popsize=10 maxiter=10 workers=56
[optimize:de] numbers=20 max_curves_per_n=100 repeats_per_n=3 popsize=10 maxiter=10 workers=56
[optimize:de] new_best eval=1 b1=20240 b2=122988 fitness=645017.8664334394
[optimize:de] eval=5 b1=3155 b2=3155 fitness=1063983.952188519
[optimize:de] eval=10 b1=7307 b2=18597 fitness=942317.3261666845
[optimize:de] eval=15 b1=5074 b2=84162 fitness=890833.9846963818
[optimize:de] eval=20 b1=113 b2=374 fitness=1100000.6106425184
[optimize:de] eval=25 b1=27322 b2=35523 fitness=712101.3331236014
[optimize:de] eval=30 b1=14356 b2=14356 fitness=995150.9373520811
[optimize:de] new_best eval=33 b1=8535 b2=489017 fitness=605184.1800130799
[optimize:de] new_best eval=34 b1=26636 b2=225616 fitness=487184.6569745144
[optimize:de] eval=35 b1=29814 b2=73100 fitness=576018.1025348693
[optimize:de] eval=40 b1=23207 b2=26100 fitness=905267.9615181442
differential_evolution step 1: f(x)= 487184.6569745144
[optimize:de] generation=1/10 best_fitness=487184.6569745144
[optimize:de] new_best eval=41 b1=26636 b2=445405 fitness=373334.4653967223
[optimize:de] eval=45 b1=3346 b2=334600 fitness=820634.080109196
[optimize:de] eval=50 b1=190 b2=18597 fitness=1100000.5836006568
[optimize:de] new_best eval=53 b1=26673 b2=520294 fitness=358967.88762885024
[optimize:de] eval=55 b1=4489 b2=412434 fitness=923100.8169601527
[optimize:de] eval=60 b1=13848 b2=13848 fitness=1083034.2943009352
differential_evolution step 2: f(x)= 358967.88762885024
[optimize:de] generation=2/10 best_fitness=358967.88762885024
[optimize:de] eval=65 b1=27322 b2=279872 fitness=401634.6734972413
[optimize:de] eval=70 b1=19881 b2=19881 fitness=993351.1760443114
[optimize:de] new_best eval=74 b1=14490 b2=461848 fitness=321300.8031854307
[optimize:de] eval=75 b1=13911 b2=248433 fitness=552117.5570614495
[optimize:de] eval=80 b1=6108 b2=284878 fitness=693017.3635133599
differential_evolution step 3: f(x)= 321300.8031854307
[optimize:de] generation=3/10 best_fitness=321300.8031854307
[optimize:de] eval=85 b1=8074 b2=443100 fitness=574900.811811974
[optimize:de] new_best eval=87 b1=29354 b2=375716 fitness=255651.18988135445
[optimize:de] new_best eval=88 b1=29691 b2=306275 fitness=235684.4189362649
[optimize:de] eval=90 b1=27231 b2=412693 fitness=341867.8584983874
[optimize:de] eval=95 b1=24273 b2=183561 fitness=483584.49434188154
[optimize:de] eval=100 b1=9183 b2=284878 fitness=591600.796464138
differential_evolution step 4: f(x)= 235684.4189362649
[optimize:de] generation=4/10 best_fitness=235684.4189362649
[optimize:de] eval=105 b1=15205 b2=216418 fitness=522950.96099399787
[optimize:de] eval=110 b1=17901 b2=412693 fitness=498101.0163370573
[optimize:de] eval=115 b1=20506 b2=490765 fitness=410167.73254991375
[optimize:de] eval=120 b1=19561 b2=203477 fitness=569501.0615328056
differential_evolution step 5: f(x)= 235684.4189362649
[optimize:de] generation=5/10 best_fitness=235684.4189362649
[optimize:de] eval=125 b1=1758 b2=175800 fitness=978050.5937551835
[optimize:de] eval=130 b1=18843 b2=292048 fitness=430750.98476965574
[optimize:de] eval=135 b1=19946 b2=351683 fitness=446201.0511381026
[optimize:de] eval=140 b1=5477 b2=286130 fitness=782734.0573066213
differential_evolution step 6: f(x)= 235684.4189362649
[optimize:de] generation=6/10 best_fitness=235684.4189362649
[optimize:de] eval=145 b1=9774 b2=428155 fitness=505000.8390175752
[optimize:de] eval=150 b1=26780 b2=408740 fitness=499651.3358638946
[optimize:de] eval=155 b1=19406 b2=224935 fitness=504901.087955706
[optimize:de] eval=160 b1=21582 b2=226510 fitness=378017.66387628514
differential_evolution step 7: f(x)= 235684.4189362649
[optimize:de] generation=7/10 best_fitness=235684.4189362649
[optimize:de] eval=165 b1=24742 b2=365739 fitness=307634.4338872772
[optimize:de] eval=170 b1=28452 b2=252206 fitness=396334.60152587306
[optimize:de] eval=175 b1=28454 b2=285070 fitness=413734.6158940339
[optimize:de] eval=180 b1=19915 b2=226510 fitness=605984.4565598223
differential_evolution step 8: f(x)= 235684.4189362649
[optimize:de] generation=8/10 best_fitness=235684.4189362649
[optimize:de] eval=185 b1=24742 b2=301181 fitness=482251.20012842544
[optimize:de] eval=190 b1=27070 b2=314150 fitness=452884.6873580598
[optimize:de] eval=195 b1=27857 b2=280792 fitness=483067.98099219496
[optimize:de] eval=200 b1=29270 b2=279303 fitness=305767.81318936613
differential_evolution step 9: f(x)= 235684.4189362649
[optimize:de] generation=9/10 best_fitness=235684.4189362649
[optimize:de] eval=205 b1=6656 b2=333963 fitness=799534.1732191715
[optimize:de] eval=210 b1=29680 b2=329022 fitness=371117.83622229355
[optimize:de] eval=215 b1=3384 b2=279814 fitness=992817.3886104135
[optimize:de] eval=220 b1=27939 b2=276428 fitness=395117.89428532886
differential_evolution step 10: f(x)= 235684.4189362649
[optimize:de] generation=10/10 best_fitness=235684.4189362649
best_b1=29691
best_b2=306275
objective=235684.418936
result_file: data/experiments/20_dset_20260430T220555Z_job6992343/de/optimize_20260430T220610Z_job6992344/de_optimize_20260430T220610Z_job6992344.json
plot_files:
  jump_plot: data/experiments/20_dset_20260430T220555Z_job6992343/de/optimize_20260430T220610Z_job6992344/plots/de_optimize_20260430T220610Z_job6992344_jump_plot.png
  b1_b2_trajectory: data/experiments/20_dset_20260430T220555Z_job6992343/de/optimize_20260430T220610Z_job6992344/plots/de_optimize_20260430T220610Z_job6992344_b1_b2_trajectory.png
  progress_by_phase: data/experiments/20_dset_20260430T220555Z_job6992343/de/optimize_20260430T220610Z_job6992344/plots/de_optimize_20260430T220610Z_job6992344_progress_by_phase.png
  time_efficiency: data/experiments/20_dset_20260430T220555Z_job6992343/de/optimize_20260430T220610Z_job6992344/plots/de_optimize_20260430T220610Z_job6992344_time_efficiency.png
  b1_ratio_heatmap: data/experiments/20_dset_20260430T220555Z_job6992343/de/optimize_20260430T220610Z_job6992344/plots/de_optimize_20260430T220610Z_job6992344_b1_ratio_heatmap.png
analysis_files:
  events_csv: data/experiments/20_dset_20260430T220555Z_job6992343/de/optimize_20260430T220610Z_job6992344/tables/de_optimize_20260430T220610Z_job6992344_events.csv
  new_best_csv: data/experiments/20_dset_20260430T220555Z_job6992343/de/optimize_20260430T220610Z_job6992344/tables/de_optimize_20260430T220610Z_job6992344_new_best.csv
  phase_summary_csv: data/experiments/20_dset_20260430T220555Z_job6992343/de/optimize_20260430T220610Z_job6992344/tables/de_optimize_20260430T220610Z_job6992344_phase_summary.csv
  run_summary_csv: data/experiments/20_dset_20260430T220555Z_job6992343/de/optimize_20260430T220610Z_job6992344/tables/de_optimize_20260430T220610Z_job6992344_run_summary.csv
  report_md: data/experiments/20_dset_20260430T220555Z_job6992343/de/optimize_20260430T220610Z_job6992344/de_optimize_20260430T220610Z_job6992344_report.md
