run_step[8]: /home/ikntcit1/plehanoves/ecm-evolutionary-optimization/.venv/bin/python3 -m ecm_optimizer.cli.main optimize --dataset data/numbers/20_dset_20260430T220555Z_job6992343 --method bo --seed 42 --max-curves-per-n 100 --repeats-per-n 3 --bo-initial-samples 16 --bo-iterations 22 --bo-candidate-pool 2500 --b1-min 100 --b1-max 30000 --b2-min 100 --b2-max 600000 --ratio-max 100
[optimize:bo] numbers=20 max_curves_per_n=100 repeats_per_n=3 initial_samples=16 iterations=22 candidate_pool=2500 workers=56
[optimize:bo] new_best eval=1 b1=334 b2=8651 fitness=1100000.7154346006
[optimize:bo] new_best eval=2 b1=13682 b2=304619 fitness=644251.0604851133
[optimize:bo] eval=5 b1=206 b2=20600 fitness=1100000.6508923648
[optimize:bo] eval=10 b1=386 b2=9479 fitness=1100000.6446028028
[optimize:bo] eval=15 b1=4095 b2=4095 fitness=1082017.3058014924
[optimize:bo] initial_design_completed points=16
[optimize:bo] new_best eval=17 b1=13763 b2=380230 fitness=500150.92231606547
[optimize:bo] iteration=1/22 best_fitness=500150.92231606547
[optimize:bo] iteration=2/22 best_fitness=500150.92231606547
[optimize:bo] iteration=3/22 best_fitness=500150.92231606547
[optimize:bo] eval=20 b1=13075 b2=371238 fitness=572134.2975193829
[optimize:bo] iteration=4/22 best_fitness=500150.92231606547
[optimize:bo] iteration=5/22 best_fitness=500150.92231606547
[optimize:bo] iteration=6/22 best_fitness=500150.92231606547
[optimize:bo] iteration=7/22 best_fitness=500150.92231606547
[optimize:bo] iteration=8/22 best_fitness=500150.92231606547
[optimize:bo] eval=25 b1=13806 b2=150395 fitness=729450.9754082927
[optimize:bo] iteration=9/22 best_fitness=500150.92231606547
[optimize:bo] iteration=10/22 best_fitness=500150.92231606547
[optimize:bo] iteration=11/22 best_fitness=500150.92231606547
[optimize:bo] new_best eval=28 b1=29392 b2=234791 fitness=450884.69384322956
[optimize:bo] iteration=12/22 best_fitness=450884.69384322956
[optimize:bo] new_best eval=29 b1=28636 b2=236580 fitness=396217.9060485229
[optimize:bo] iteration=13/22 best_fitness=396217.9060485229
[optimize:bo] eval=30 b1=28519 b2=211705 fitness=533934.6570369626
[optimize:bo] iteration=14/22 best_fitness=396217.9060485229
[optimize:bo] new_best eval=31 b1=25310 b2=271244 fitness=391384.40979576827
[optimize:bo] iteration=15/22 best_fitness=391384.40979576827
[optimize:bo] iteration=16/22 best_fitness=391384.40979576827
[optimize:bo] iteration=17/22 best_fitness=391384.40979576827
[optimize:bo] iteration=18/22 best_fitness=391384.40979576827
[optimize:bo] eval=35 b1=23947 b2=285063 fitness=485901.24332704867
[optimize:bo] iteration=19/22 best_fitness=391384.40979576827
[optimize:bo] iteration=20/22 best_fitness=391384.40979576827
[optimize:bo] iteration=21/22 best_fitness=391384.40979576827
[optimize:bo] iteration=22/22 best_fitness=391384.40979576827
best_b1=25310
best_b2=271244
objective=391384.409796
result_file: data/experiments/20_dset_20260430T220555Z_job6992343/bo/optimize_20260430T220611Z_job6992350/bo_optimize_20260430T220611Z_job6992350.json
plot_files:
  jump_plot: data/experiments/20_dset_20260430T220555Z_job6992343/bo/optimize_20260430T220611Z_job6992350/plots/bo_optimize_20260430T220611Z_job6992350_jump_plot.png
  b1_b2_trajectory: data/experiments/20_dset_20260430T220555Z_job6992343/bo/optimize_20260430T220611Z_job6992350/plots/bo_optimize_20260430T220611Z_job6992350_b1_b2_trajectory.png
  progress_by_phase: data/experiments/20_dset_20260430T220555Z_job6992343/bo/optimize_20260430T220611Z_job6992350/plots/bo_optimize_20260430T220611Z_job6992350_progress_by_phase.png
  time_efficiency: data/experiments/20_dset_20260430T220555Z_job6992343/bo/optimize_20260430T220611Z_job6992350/plots/bo_optimize_20260430T220611Z_job6992350_time_efficiency.png
  b1_ratio_heatmap: data/experiments/20_dset_20260430T220555Z_job6992343/bo/optimize_20260430T220611Z_job6992350/plots/bo_optimize_20260430T220611Z_job6992350_b1_ratio_heatmap.png
analysis_files:
  events_csv: data/experiments/20_dset_20260430T220555Z_job6992343/bo/optimize_20260430T220611Z_job6992350/tables/bo_optimize_20260430T220611Z_job6992350_events.csv
  new_best_csv: data/experiments/20_dset_20260430T220555Z_job6992343/bo/optimize_20260430T220611Z_job6992350/tables/bo_optimize_20260430T220611Z_job6992350_new_best.csv
  phase_summary_csv: data/experiments/20_dset_20260430T220555Z_job6992343/bo/optimize_20260430T220611Z_job6992350/tables/bo_optimize_20260430T220611Z_job6992350_phase_summary.csv
  run_summary_csv: data/experiments/20_dset_20260430T220555Z_job6992343/bo/optimize_20260430T220611Z_job6992350/tables/bo_optimize_20260430T220611Z_job6992350_run_summary.csv
  report_md: data/experiments/20_dset_20260430T220555Z_job6992343/bo/optimize_20260430T220611Z_job6992350/bo_optimize_20260430T220611Z_job6992350_report.md
