run_step[4]: /home/ikntcit1/plehanoves/ecm-evolutionary-optimization/.venv/bin/python3 -m ecm_optimizer.cli.main optimize --dataset data/numbers/20_dset_20260430T220555Z_job6992343 --method rs --seed 42 --max-curves-per-n 100 --repeats-per-n 3 --rs-budget 60 --b1-min 100 --b1-max 30000 --b2-min 100 --b2-max 600000 --ratio-max 100
[optimize:rs] numbers=20 max_curves_per_n=100 repeats_per_n=3 budget=60 workers=56
[optimize:rs] new_best eval=1 b1=1461 b2=6510 fitness=1082650.7078055993
[optimize:rs] step=1/60 new_best b1=1462 b2=6511 fitness=1082650.7078055993
[optimize:rs] new_best eval=4 b1=1649 b2=114748 fitness=1065300.6452526813
[optimize:rs] step=4/60 new_best b1=1649 b2=114749 fitness=1065300.6452526813
[optimize:rs] eval=5 b1=17048 b2=19440 fitness=942484.4020478493
[optimize:rs] new_best eval=5 b1=17048 b2=19440 fitness=942484.4020478493
[optimize:rs] step=5/60 new_best b1=17049 b2=19440 fitness=942484.4020478493
[optimize:rs] new_best eval=9 b1=21489 b2=262633 fitness=484934.47403564816
[optimize:rs] step=9/60 new_best b1=21490 b2=262634 fitness=484934.47403564816
[optimize:rs] eval=10 b1=516 b2=42397 fitness=1082117.2972767146
[optimize:rs] eval=15 b1=483 b2=3547 fitness=1100000.6596673408
[optimize:rs] new_best eval=17 b1=18697 b2=336629 fitness=433301.07454886637
[optimize:rs] step=17/60 new_best b1=18697 b2=336630 fitness=433301.07454886637
[optimize:rs] eval=20 b1=3365 b2=336500 fitness=960284.1370000747
[optimize:rs] new_best eval=24 b1=25950 b2=417950 fitness=378717.89029336016
[optimize:rs] step=24/60 new_best b1=25951 b2=417950 fitness=378717.89029336016
[optimize:rs] eval=25 b1=967 b2=95433 fitness=1100000.6160147467
[optimize:rs] eval=30 b1=11703 b2=16875 fitness=942484.1701176601
[optimize:rs] eval=35 b1=9043 b2=472323 fitness=521300.8607902069
[optimize:rs] eval=40 b1=1847 b2=13733 fitness=1081850.6085166957
[optimize:rs] eval=45 b1=22859 b2=279859 fitness=469034.53495787835
[optimize:rs] eval=50 b1=313 b2=31300 fitness=1100000.6114776616
[optimize:rs] eval=55 b1=18334 b2=449991 fitness=376784.2928424306
[optimize:rs] new_best eval=55 b1=18334 b2=449991 fitness=376784.2928424306
[optimize:rs] step=55/60 new_best b1=18335 b2=449991 fitness=376784.2928424306
[optimize:rs] new_best eval=56 b1=18996 b2=410169 fitness=353950.87329384615
[optimize:rs] step=56/60 new_best b1=18996 b2=410169 fitness=353950.87329384615
[optimize:rs] new_best eval=58 b1=28532 b2=478711 fitness=284767.78117983596
[optimize:rs] step=58/60 new_best b1=28532 b2=478711 fitness=284767.78117983596
[optimize:rs] eval=60 b1=120 b2=12000 fitness=1100000.5982493544
best_b1=28532
best_b2=478711
objective=284767.781180
result_file: data/experiments/20_dset_20260430T220555Z_job6992343/rs/optimize_20260430T220610Z_job6992346/rs_optimize_20260430T220610Z_job6992346.json
plot_files:
  jump_plot: data/experiments/20_dset_20260430T220555Z_job6992343/rs/optimize_20260430T220610Z_job6992346/plots/rs_optimize_20260430T220610Z_job6992346_jump_plot.png
  b1_b2_trajectory: data/experiments/20_dset_20260430T220555Z_job6992343/rs/optimize_20260430T220610Z_job6992346/plots/rs_optimize_20260430T220610Z_job6992346_b1_b2_trajectory.png
  progress_by_phase: data/experiments/20_dset_20260430T220555Z_job6992343/rs/optimize_20260430T220610Z_job6992346/plots/rs_optimize_20260430T220610Z_job6992346_progress_by_phase.png
  time_efficiency: data/experiments/20_dset_20260430T220555Z_job6992343/rs/optimize_20260430T220610Z_job6992346/plots/rs_optimize_20260430T220610Z_job6992346_time_efficiency.png
  b1_ratio_heatmap: data/experiments/20_dset_20260430T220555Z_job6992343/rs/optimize_20260430T220610Z_job6992346/plots/rs_optimize_20260430T220610Z_job6992346_b1_ratio_heatmap.png
analysis_files:
  events_csv: data/experiments/20_dset_20260430T220555Z_job6992343/rs/optimize_20260430T220610Z_job6992346/tables/rs_optimize_20260430T220610Z_job6992346_events.csv
  new_best_csv: data/experiments/20_dset_20260430T220555Z_job6992343/rs/optimize_20260430T220610Z_job6992346/tables/rs_optimize_20260430T220610Z_job6992346_new_best.csv
  phase_summary_csv: data/experiments/20_dset_20260430T220555Z_job6992343/rs/optimize_20260430T220610Z_job6992346/tables/rs_optimize_20260430T220610Z_job6992346_phase_summary.csv
  run_summary_csv: data/experiments/20_dset_20260430T220555Z_job6992343/rs/optimize_20260430T220610Z_job6992346/tables/rs_optimize_20260430T220610Z_job6992346_run_summary.csv
  report_md: data/experiments/20_dset_20260430T220555Z_job6992343/rs/optimize_20260430T220610Z_job6992346/rs_optimize_20260430T220610Z_job6992346_report.md
